request_url: https://api.telegram.org/bot6747104891:AAEkPktZMe1MYmaBAEaxcSyT1iJhKBoKTHA/getChatMember
request_method: POST
status: 200
response: "{\"url\":\"https:\\\/\\\/api.telegram.org\\\/bot6747104891:AAEkPktZMe1MYmaBAEaxcSyT1iJhKBoKTHA\\\/g ....
request_date: 2024-05-29 20:48:18
------------------------
request_url: https://api.telegram.org/bot6747104891:AAEkPktZMe1MYmaBAEaxcSyT1iJhKBoKTHA/getChatMember
request_method: POST
status: 200
response: "{\"url\":\"https:\\\/\\\/api.telegram.org\\\/bot6747104891:AAEkPktZMe1MYmaBAEaxcSyT1iJhKBoKTHA\\\/g ....
request_date: 2024-05-29 20:48:19
------------------------
request_url: https://api.telegram.org/bot6747104891:AAEkPktZMe1MYmaBAEaxcSyT1iJhKBoKTHA/getChatMember
request_method: POST
status: 200
response: "{\"url\":\"https:\\\/\\\/api.telegram.org\\\/bot6747104891:AAEkPktZMe1MYmaBAEaxcSyT1iJhKBoKTHA\\\/getChatMember\",\"content_type\":\"application\\\/json\",\"http_code\":200,\"header_size\":365,\"request_size\":224,\"filetime\":-1,\"ssl_verify_result\":0,\"redirect_count\":0,\"total_time\":1.112069,\"namelookup_time\":0.002352,\"connect_time\":0.003416,\"pretransfer_time\":0.724073,\"size_upload\":261,\"size_download\":188,\"speed_download\":169,\"speed_upload\":234,\"download_content_length\":1 ....
request_date: 2024-05-29 20:49:39
------------------------
request_url: https://api.telegram.org/bot6747104891:AAEkPktZMe1MYmaBAEaxcSyT1iJhKBoKTHA/getChatMember
request_method: POST
status: 200
response: "{\"url\":\"https:\\\/\\\/api.telegram.org\\\/bot6747104891:AAEkPktZMe1MYmaBAEaxcSyT1iJhKBoKTHA\\\/getChatMember\",\"content_type\":\"application\\\/json\",\"http_code\":200,\"header_size\":365,\"request_size\":224,\"filetime\":-1,\"ssl_verify_result\":0,\"redirect_count\":0,\"total_time\":1.302147,\"namelookup_time\":0.001571,\"connect_time\":0.002242,\"pretransfer_time\":0.895411,\"size_upload\":261,\"size_download\":188,\"speed_download\":144,\"speed_upload\":200,\"download_content_length\":1 ....
request_date: 2024-05-29 20:49:40
------------------------
request_url: https://api.telegram.org/bot6747104891:AAEkPktZMe1MYmaBAEaxcSyT1iJhKBoKTHA/getChatMember
request_method: POST
status: 200
response: "{\"url\":\"https:\\\/\\\/api.telegram.org\\\/bot6747104891:AAEkPktZMe1MYmaBAEaxcSyT1iJhKBoKTHA\\\/g ....
request_date: 2024-05-29 20:53:51
------------------------
request_url: https://api.telegram.org/bot6747104891:AAEkPktZMe1MYmaBAEaxcSyT1iJhKBoKTHA/getChatMember
request_method: POST
status: 200
response: "{\"url\":\"https:\\\/\\\/api.telegram.org\\\/bot6747104891:AAEkPktZMe1MYmaBAEaxcSyT1iJhKBoKTHA\\\/g ....
request_date: 2024-05-29 20:53:52
------------------------
request_url: https://api.telegram.org/bot6747104891:AAEkPktZMe1MYmaBAEaxcSyT1iJhKBoKTHA/getChatMember
request_method: POST
status: 200
response: "{\"url\":\"https:\\\/\\\/api.telegram.org\\\/bot6747104891:AAEkPktZMe1MYmaBAEaxcSyT1iJhKBoKTHA\\\/g ....
request_date: 2024-05-29 20:54:51
------------------------
request_url: https://api.telegram.org/bot6747104891:AAEkPktZMe1MYmaBAEaxcSyT1iJhKBoKTHA/getChatMember
request_method: POST
status: 200
response: "{\"url\":\"https:\\\/\\\/api.telegram.org\\\/bot6747104891:AAEkPktZMe1MYmaBAEaxcSyT1iJhKBoKTHA\\\/g ....
request_date: 2024-05-31 06:22:06
------------------------
request_url: https://api.telegram.org/bot6747104891:AAEkPktZMe1MYmaBAEaxcSyT1iJhKBoKTHA/getChatMember
request_method: POST
status: 200
response: "{\"url\":\"https:\\\/\\\/api.telegram.org\\\/bot6747104891:AAEkPktZMe1MYmaBAEaxcSyT1iJhKBoKTHA\\\/g ....
request_date: 2024-05-31 06:28:58
------------------------
request_url: https://api.telegram.org/bot6747104891:AAEkPktZMe1MYmaBAEaxcSyT1iJhKBoKTHA/getChatMember
request_method: POST
status: 200
response: "{\"url\":\"https:\\\/\\\/api.telegram.org\\\/bot6747104891:AAEkPktZMe1MYmaBAEaxcSyT1iJhKBoKTHA\\\/g ....
request_date: 2024-05-31 06:28:59
------------------------
request_url: https://api.telegram.org/bot6747104891:AAEkPktZMe1MYmaBAEaxcSyT1iJhKBoKTHA/getChatMember
request_method: POST
status: 200
response: "{\"url\":\"https:\\\/\\\/api.telegram.org\\\/bot6747104891:AAEkPktZMe1MYmaBAEaxcSyT1iJhKBoKTHA\\\/g ....
request_date: 2024-05-31 06:29:15
------------------------
request_url: https://api.telegram.org/bot6747104891:AAEkPktZMe1MYmaBAEaxcSyT1iJhKBoKTHA/getChatMember
request_method: POST
status: 200
response: "{\"url\":\"https:\\\/\\\/api.telegram.org\\\/bot6747104891:AAEkPktZMe1MYmaBAEaxcSyT1iJhKBoKTHA\\\/g ....
request_date: 2024-05-31 06:29:16
------------------------
request_url: https://api.telegram.org/bot6747104891:AAEkPktZMe1MYmaBAEaxcSyT1iJhKBoKTHA/getChatMember
request_method: POST
status: 200
response: "{\"url\":\"https:\\\/\\\/api.telegram.org\\\/bot6747104891:AAEkPktZMe1MYmaBAEaxcSyT1iJhKBoKTHA\\\/g ....
request_date: 2024-05-31 06:33:42
------------------------
request_url: https://api.telegram.org/bot6747104891:AAEkPktZMe1MYmaBAEaxcSyT1iJhKBoKTHA/getChatMember
request_method: POST
status: 200
response: "{\"url\":\"https:\\\/\\\/api.telegram.org\\\/bot6747104891:AAEkPktZMe1MYmaBAEaxcSyT1iJhKBoKTHA\\\/g ....
request_date: 2024-05-31 06:33:44
------------------------
request_url: https://api.telegram.org/bot6747104891:AAEkPktZMe1MYmaBAEaxcSyT1iJhKBoKTHA/getChatMember
request_method: POST
status: 200
response: "{\"url\":\"https:\\\/\\\/api.telegram.org\\\/bot6747104891:AAEkPktZMe1MYmaBAEaxcSyT1iJhKBoKTHA\\\/g ....
request_date: 2024-05-31 06:35:06
------------------------
request_url: https://api.telegram.org/bot6747104891:AAEkPktZMe1MYmaBAEaxcSyT1iJhKBoKTHA/getChatMember
request_method: POST
status: 200
response: "{\"url\":\"https:\\\/\\\/api.telegram.org\\\/bot6747104891:AAEkPktZMe1MYmaBAEaxcSyT1iJhKBoKTHA\\\/g ....
request_date: 2024-05-31 06:35:07
------------------------
request_url: https://api.telegram.org/bot6747104891:AAEkPktZMe1MYmaBAEaxcSyT1iJhKBoKTHA/sendMessage
request_method: POST
status: 200
response: "{\"url\":\"https:\\\/\\\/api.telegram.org\\\/bot6747104891:AAEkPktZMe1MYmaBAEaxcSyT1iJhKBoKTHA\\\/s ....
request_date: 2024-05-31 06:35:08
------------------------
request_url: https://api.telegram.org/bot6747104891:AAEkPktZMe1MYmaBAEaxcSyT1iJhKBoKTHA/getChatMember
request_method: POST
status: 200
response: "{\"url\":\"https:\\\/\\\/api.telegram.org\\\/bot6747104891:AAEkPktZMe1MYmaBAEaxcSyT1iJhKBoKTHA\\\/g ....
request_date: 2024-05-31 06:41:05
------------------------
request_url: https://api.telegram.org/bot6747104891:AAEkPktZMe1MYmaBAEaxcSyT1iJhKBoKTHA/getChatMember
request_method: POST
status: 200
response: "{\"url\":\"https:\\\/\\\/api.telegram.org\\\/bot6747104891:AAEkPktZMe1MYmaBAEaxcSyT1iJhKBoKTHA\\\/g ....
request_date: 2024-05-31 06:41:06
------------------------
request_url: https://api.telegram.org/bot6747104891:AAEkPktZMe1MYmaBAEaxcSyT1iJhKBoKTHA/sendMessage
request_method: POST
status: 200
response: "{\"url\":\"https:\\\/\\\/api.telegram.org\\\/bot6747104891:AAEkPktZMe1MYmaBAEaxcSyT1iJhKBoKTHA\\\/s ....
request_date: 2024-05-31 06:41:23
------------------------
request_url: https://api.telegram.org/bot6747104891:AAEkPktZMe1MYmaBAEaxcSyT1iJhKBoKTHA/getChatMember
request_method: POST
status: 200
response: "{\"url\":\"https:\\\/\\\/api.telegram.org\\\/bot6747104891:AAEkPktZMe1MYmaBAEaxcSyT1iJhKBoKTHA\\\/g ....
request_date: 2024-05-31 06:44:15
------------------------
request_url: https://api.telegram.org/bot6747104891:AAEkPktZMe1MYmaBAEaxcSyT1iJhKBoKTHA/getChatMember
request_method: POST
status: 200
response: "{\"url\":\"https:\\\/\\\/api.telegram.org\\\/bot6747104891:AAEkPktZMe1MYmaBAEaxcSyT1iJhKBoKTHA\\\/g ....
request_date: 2024-05-31 06:44:17
------------------------
request_url: https://api.telegram.org/bot6747104891:AAEkPktZMe1MYmaBAEaxcSyT1iJhKBoKTHA/sendMessage
request_method: POST
status: 200
response: "{\"url\":\"https:\\\/\\\/api.telegram.org\\\/bot6747104891:AAEkPktZMe1MYmaBAEaxcSyT1iJhKBoKTHA\\\/s ....
request_date: 2024-05-31 06:44:18
------------------------
request_url: https://api.telegram.org/bot6747104891:AAEkPktZMe1MYmaBAEaxcSyT1iJhKBoKTHA/getChatMember
request_method: POST
status: 200
response: "{\"url\":\"https:\\\/\\\/api.telegram.org\\\/bot6747104891:AAEkPktZMe1MYmaBAEaxcSyT1iJhKBoKTHA\\\/g ....
request_date: 2024-05-31 06:45:52
------------------------
request_url: https://api.telegram.org/bot6747104891:AAEkPktZMe1MYmaBAEaxcSyT1iJhKBoKTHA/getChatMember
request_method: POST
status: 200
response: "{\"url\":\"https:\\\/\\\/api.telegram.org\\\/bot6747104891:AAEkPktZMe1MYmaBAEaxcSyT1iJhKBoKTHA\\\/g ....
request_date: 2024-05-31 06:45:53
------------------------
request_url: https://api.telegram.org/bot6747104891:AAEkPktZMe1MYmaBAEaxcSyT1iJhKBoKTHA/getChatMember
request_method: POST
status: 200
response: "{\"url\":\"https:\\\/\\\/api.telegram.org\\\/bot6747104891:AAEkPktZMe1MYmaBAEaxcSyT1iJhKBoKTHA\\\/g ....
request_date: 2024-05-31 06:48:34
------------------------
request_url: https://api.telegram.org/bot6747104891:AAEkPktZMe1MYmaBAEaxcSyT1iJhKBoKTHA/getChatMember
request_method: POST
status: 200
response: "{\"url\":\"https:\\\/\\\/api.telegram.org\\\/bot6747104891:AAEkPktZMe1MYmaBAEaxcSyT1iJhKBoKTHA\\\/g ....
request_date: 2024-05-31 06:48:35
------------------------
request_url: https://api.telegram.org/bot6747104891:AAEkPktZMe1MYmaBAEaxcSyT1iJhKBoKTHA/sendMessage
request_method: POST
status: 200
response: "{\"url\":\"https:\\\/\\\/api.telegram.org\\\/bot6747104891:AAEkPktZMe1MYmaBAEaxcSyT1iJhKBoKTHA\\\/s ....
request_date: 2024-05-31 06:48:36
------------------------
request_url: https://api.telegram.org/bot6747104891:AAEkPktZMe1MYmaBAEaxcSyT1iJhKBoKTHA/sendMessage
request_method: POST
status: 200
response: "{\"url\":\"https:\\\/\\\/api.telegram.org\\\/bot6747104891:AAEkPktZMe1MYmaBAEaxcSyT1iJhKBoKTHA\\\/s ....
request_date: 2024-05-31 06:48:37
------------------------
request_url: https://api.telegram.org/bot6747104891:AAEkPktZMe1MYmaBAEaxcSyT1iJhKBoKTHA/getChatMember
request_method: POST
status: 200
response: "{\"url\":\"https:\\\/\\\/api.telegram.org\\\/bot6747104891:AAEkPktZMe1MYmaBAEaxcSyT1iJhKBoKTHA\\\/g ....
request_date: 2024-05-31 06:48:41
------------------------
request_url: https://api.telegram.org/bot6747104891:AAEkPktZMe1MYmaBAEaxcSyT1iJhKBoKTHA/getChatMember
request_method: POST
status: 200
response: "{\"url\":\"https:\\\/\\\/api.telegram.org\\\/bot6747104891:AAEkPktZMe1MYmaBAEaxcSyT1iJhKBoKTHA\\\/g ....
request_date: 2024-05-31 06:48:42
------------------------
request_url: https://api.telegram.org/bot6747104891:AAEkPktZMe1MYmaBAEaxcSyT1iJhKBoKTHA/sendMessage
request_method: POST
status: 200
response: "{\"url\":\"https:\\\/\\\/api.telegram.org\\\/bot6747104891:AAEkPktZMe1MYmaBAEaxcSyT1iJhKBoKTHA\\\/s ....
request_date: 2024-05-31 06:48:43
------------------------
request_url: https://api.telegram.org/bot6747104891:AAEkPktZMe1MYmaBAEaxcSyT1iJhKBoKTHA/getChatMember
request_method: POST
status: 200
response: "{\"url\":\"https:\\\/\\\/api.telegram.org\\\/bot6747104891:AAEkPktZMe1MYmaBAEaxcSyT1iJhKBoKTHA\\\/g ....
request_date: 2024-05-31 06:48:54
------------------------
request_url: https://api.telegram.org/bot6747104891:AAEkPktZMe1MYmaBAEaxcSyT1iJhKBoKTHA/getChatMember
request_method: POST
status: 200
response: "{\"url\":\"https:\\\/\\\/api.telegram.org\\\/bot6747104891:AAEkPktZMe1MYmaBAEaxcSyT1iJhKBoKTHA\\\/g ....
request_date: 2024-05-31 06:48:55
------------------------
request_url: https://api.telegram.org/bot6747104891:AAEkPktZMe1MYmaBAEaxcSyT1iJhKBoKTHA/sendMessage
request_method: POST
status: 200
response: "{\"url\":\"https:\\\/\\\/api.telegram.org\\\/bot6747104891:AAEkPktZMe1MYmaBAEaxcSyT1iJhKBoKTHA\\\/s ....
request_date: 2024-05-31 06:48:57
------------------------
request_url: https://api.telegram.org/bot6747104891:AAEkPktZMe1MYmaBAEaxcSyT1iJhKBoKTHA/getChatMember
request_method: POST
status: 200
response: "{\"url\":\"https:\\\/\\\/api.telegram.org\\\/bot6747104891:AAEkPktZMe1MYmaBAEaxcSyT1iJhKBoKTHA\\\/g ....
request_date: 2024-05-31 06:57:56
------------------------
request_url: https://api.telegram.org/bot6747104891:AAEkPktZMe1MYmaBAEaxcSyT1iJhKBoKTHA/getChatMember
request_method: POST
status: 200
response: "{\"url\":\"https:\\\/\\\/api.telegram.org\\\/bot6747104891:AAEkPktZMe1MYmaBAEaxcSyT1iJhKBoKTHA\\\/g ....
request_date: 2024-05-31 06:57:57
------------------------
request_url: https://api.telegram.org/bot6747104891:AAEkPktZMe1MYmaBAEaxcSyT1iJhKBoKTHA/sendMessage
request_method: POST
status: 200
response: "{\"url\":\"https:\\\/\\\/api.telegram.org\\\/bot6747104891:AAEkPktZMe1MYmaBAEaxcSyT1iJhKBoKTHA\\\/s ....
request_date: 2024-05-31 06:57:59
------------------------
request_url: https://api.telegram.org/bot6747104891:AAEkPktZMe1MYmaBAEaxcSyT1iJhKBoKTHA/getChatMember
request_method: POST
status: 200
response: "{\"url\":\"https:\\\/\\\/api.telegram.org\\\/bot6747104891:AAEkPktZMe1MYmaBAEaxcSyT1iJhKBoKTHA\\\/g ....
request_date: 2024-05-31 06:58:43
------------------------
request_url: https://api.telegram.org/bot6747104891:AAEkPktZMe1MYmaBAEaxcSyT1iJhKBoKTHA/getChatMember
request_method: POST
status: 200
response: "{\"url\":\"https:\\\/\\\/api.telegram.org\\\/bot6747104891:AAEkPktZMe1MYmaBAEaxcSyT1iJhKBoKTHA\\\/g ....
request_date: 2024-05-31 06:58:44
------------------------
request_url: https://api.telegram.org/bot6747104891:AAEkPktZMe1MYmaBAEaxcSyT1iJhKBoKTHA/sendMessage
request_method: POST
status: 200
response: "{\"url\":\"https:\\\/\\\/api.telegram.org\\\/bot6747104891:AAEkPktZMe1MYmaBAEaxcSyT1iJhKBoKTHA\\\/s ....
request_date: 2024-05-31 06:59:01
------------------------
request_url: https://api.telegram.org/bot6747104891:AAEkPktZMe1MYmaBAEaxcSyT1iJhKBoKTHA/getChatMember
request_method: POST
status: 200
response: "{\"url\":\"https:\\\/\\\/api.telegram.org\\\/bot6747104891:AAEkPktZMe1MYmaBAEaxcSyT1iJhKBoKTHA\\\/g ....
request_date: 2024-05-31 06:59:11
------------------------
request_url: https://api.telegram.org/bot6747104891:AAEkPktZMe1MYmaBAEaxcSyT1iJhKBoKTHA/getChatMember
request_method: POST
status: 200
response: "{\"url\":\"https:\\\/\\\/api.telegram.org\\\/bot6747104891:AAEkPktZMe1MYmaBAEaxcSyT1iJhKBoKTHA\\\/g ....
request_date: 2024-05-31 06:59:12
------------------------
request_url: https://api.telegram.org/bot6747104891:AAEkPktZMe1MYmaBAEaxcSyT1iJhKBoKTHA/sendMessage
request_method: POST
status: 200
response: "{\"url\":\"https:\\\/\\\/api.telegram.org\\\/bot6747104891:AAEkPktZMe1MYmaBAEaxcSyT1iJhKBoKTHA\\\/s ....
request_date: 2024-05-31 06:59:13
------------------------
request_url: https://api.telegram.org/bot6747104891:AAEkPktZMe1MYmaBAEaxcSyT1iJhKBoKTHA/getChatMember
request_method: POST
status: 200
response: "{\"url\":\"https:\\\/\\\/api.telegram.org\\\/bot6747104891:AAEkPktZMe1MYmaBAEaxcSyT1iJhKBoKTHA\\\/g ....
request_date: 2024-05-31 07:02:03
------------------------
request_url: https://api.telegram.org/bot6747104891:AAEkPktZMe1MYmaBAEaxcSyT1iJhKBoKTHA/getChatMember
request_method: POST
status: 200
response: "{\"url\":\"https:\\\/\\\/api.telegram.org\\\/bot6747104891:AAEkPktZMe1MYmaBAEaxcSyT1iJhKBoKTHA\\\/g ....
request_date: 2024-05-31 07:02:04
------------------------
request_url: https://api.telegram.org/bot6747104891:AAEkPktZMe1MYmaBAEaxcSyT1iJhKBoKTHA/sendMessage
request_method: POST
status: 200
response: "{\"url\":\"https:\\\/\\\/api.telegram.org\\\/bot6747104891:AAEkPktZMe1MYmaBAEaxcSyT1iJhKBoKTHA\\\/s ....
request_date: 2024-05-31 07:02:05
------------------------
request_url: https://api.telegram.org/bot6747104891:AAEkPktZMe1MYmaBAEaxcSyT1iJhKBoKTHA/getChatMember
request_method: POST
status: 200
response: "{\"url\":\"https:\\\/\\\/api.telegram.org\\\/bot6747104891:AAEkPktZMe1MYmaBAEaxcSyT1iJhKBoKTHA\\\/g ....
request_date: 2024-05-31 07:03:58
------------------------
request_url: https://api.telegram.org/bot6747104891:AAEkPktZMe1MYmaBAEaxcSyT1iJhKBoKTHA/getChatMember
request_method: POST
status: 200
response: "{\"url\":\"https:\\\/\\\/api.telegram.org\\\/bot6747104891:AAEkPktZMe1MYmaBAEaxcSyT1iJhKBoKTHA\\\/g ....
request_date: 2024-05-31 07:03:59
------------------------
request_url: https://api.telegram.org/bot6747104891:AAEkPktZMe1MYmaBAEaxcSyT1iJhKBoKTHA/sendMessage
request_method: POST
status: 200
response: "{\"url\":\"https:\\\/\\\/api.telegram.org\\\/bot6747104891:AAEkPktZMe1MYmaBAEaxcSyT1iJhKBoKTHA\\\/s ....
request_date: 2024-05-31 07:04:00
------------------------
request_url: https://api.telegram.org/bot6747104891:AAEkPktZMe1MYmaBAEaxcSyT1iJhKBoKTHA/getChatMember
request_method: POST
status: 200
response: "{\"url\":\"https:\\\/\\\/api.telegram.org\\\/bot6747104891:AAEkPktZMe1MYmaBAEaxcSyT1iJhKBoKTHA\\\/g ....
request_date: 2024-05-31 07:04:14
------------------------
request_url: https://api.telegram.org/bot6747104891:AAEkPktZMe1MYmaBAEaxcSyT1iJhKBoKTHA/getChatMember
request_method: POST
status: 200
response: "{\"url\":\"https:\\\/\\\/api.telegram.org\\\/bot6747104891:AAEkPktZMe1MYmaBAEaxcSyT1iJhKBoKTHA\\\/g ....
request_date: 2024-05-31 07:04:16
------------------------
request_url: https://api.telegram.org/bot6747104891:AAEkPktZMe1MYmaBAEaxcSyT1iJhKBoKTHA/sendMessage
request_method: POST
status: 200
response: "{\"url\":\"https:\\\/\\\/api.telegram.org\\\/bot6747104891:AAEkPktZMe1MYmaBAEaxcSyT1iJhKBoKTHA\\\/s ....
request_date: 2024-05-31 07:04:17
------------------------
request_url: https://api.telegram.org/bot6747104891:AAEkPktZMe1MYmaBAEaxcSyT1iJhKBoKTHA/getChatMember
request_method: POST
status: 200
response: "{\"url\":\"https:\\\/\\\/api.telegram.org\\\/bot6747104891:AAEkPktZMe1MYmaBAEaxcSyT1iJhKBoKTHA\\\/g ....
request_date: 2024-05-31 07:04:32
------------------------
request_url: https://api.telegram.org/bot6747104891:AAEkPktZMe1MYmaBAEaxcSyT1iJhKBoKTHA/getChatMember
request_method: POST
status: 200
response: "{\"url\":\"https:\\\/\\\/api.telegram.org\\\/bot6747104891:AAEkPktZMe1MYmaBAEaxcSyT1iJhKBoKTHA\\\/g ....
request_date: 2024-05-31 07:04:34
------------------------
request_url: https://api.telegram.org/bot6747104891:AAEkPktZMe1MYmaBAEaxcSyT1iJhKBoKTHA/getChatMember
request_method: POST
status: 200
response: "{\"url\":\"https:\\\/\\\/api.telegram.org\\\/bot6747104891:AAEkPktZMe1MYmaBAEaxcSyT1iJhKBoKTHA\\\/g ....
request_date: 2024-05-31 07:05:17
------------------------
request_url: https://api.telegram.org/bot6747104891:AAEkPktZMe1MYmaBAEaxcSyT1iJhKBoKTHA/getChatMember
request_method: POST
status: 200
response: "{\"url\":\"https:\\\/\\\/api.telegram.org\\\/bot6747104891:AAEkPktZMe1MYmaBAEaxcSyT1iJhKBoKTHA\\\/g ....
request_date: 2024-05-31 07:05:18
------------------------
request_url: https://api.telegram.org/bot6747104891:AAEkPktZMe1MYmaBAEaxcSyT1iJhKBoKTHA/getChatMember
request_method: POST
status: 200
response: "{\"url\":\"https:\\\/\\\/api.telegram.org\\\/bot6747104891:AAEkPktZMe1MYmaBAEaxcSyT1iJhKBoKTHA\\\/g ....
request_date: 2024-05-31 07:05:20
------------------------
request_url: https://api.telegram.org/bot6747104891:AAEkPktZMe1MYmaBAEaxcSyT1iJhKBoKTHA/getChatMember
request_method: POST
status: 200
response: "{\"url\":\"https:\\\/\\\/api.telegram.org\\\/bot6747104891:AAEkPktZMe1MYmaBAEaxcSyT1iJhKBoKTHA\\\/g ....
request_date: 2024-05-31 07:05:21
------------------------
request_url: https://api.telegram.org/bot6747104891:AAEkPktZMe1MYmaBAEaxcSyT1iJhKBoKTHA/answerCallbackQuery
request_method: POST
status: 200
response: "{\"url\":\"https:\\\/\\\/api.telegram.org\\\/bot6747104891:AAEkPktZMe1MYmaBAEaxcSyT1iJhKBoKTHA\\\/a ....
request_date: 2024-05-31 07:05:22
------------------------
request_url: https://api.telegram.org/bot6747104891:AAEkPktZMe1MYmaBAEaxcSyT1iJhKBoKTHA/getChatMember
request_method: POST
status: 200
response: "{\"url\":\"https:\\\/\\\/api.telegram.org\\\/bot6747104891:AAEkPktZMe1MYmaBAEaxcSyT1iJhKBoKTHA\\\/g ....
request_date: 2024-05-31 07:26:46
------------------------
request_url: https://api.telegram.org/bot6747104891:AAEkPktZMe1MYmaBAEaxcSyT1iJhKBoKTHA/getChatMember
request_method: POST
status: 200
response: "{\"url\":\"https:\\\/\\\/api.telegram.org\\\/bot6747104891:AAEkPktZMe1MYmaBAEaxcSyT1iJhKBoKTHA\\\/g ....
request_date: 2024-05-31 07:26:48
------------------------
request_url: https://api.telegram.org/bot6747104891:AAEkPktZMe1MYmaBAEaxcSyT1iJhKBoKTHA/getChatMember
request_method: POST
status: 200
response: "{\"url\":\"https:\\\/\\\/api.telegram.org\\\/bot6747104891:AAEkPktZMe1MYmaBAEaxcSyT1iJhKBoKTHA\\\/g ....
request_date: 2024-05-31 07:27:47
------------------------
request_url: https://api.telegram.org/bot6747104891:AAEkPktZMe1MYmaBAEaxcSyT1iJhKBoKTHA/getChatMember
request_method: POST
status: 200
response: "{\"url\":\"https:\\\/\\\/api.telegram.org\\\/bot6747104891:AAEkPktZMe1MYmaBAEaxcSyT1iJhKBoKTHA\\\/g ....
request_date: 2024-05-31 07:27:48
------------------------
request_url: https://api.telegram.org/bot6747104891:AAEkPktZMe1MYmaBAEaxcSyT1iJhKBoKTHA/getChatMember
request_method: POST
status: 200
response: "{\"url\":\"https:\\\/\\\/api.telegram.org\\\/bot6747104891:AAEkPktZMe1MYmaBAEaxcSyT1iJhKBoKTHA\\\/g ....
request_date: 2024-05-31 07:28:34
------------------------
request_url: https://api.telegram.org/bot6747104891:AAEkPktZMe1MYmaBAEaxcSyT1iJhKBoKTHA/getChatMember
request_method: POST
status: 200
response: "{\"url\":\"https:\\\/\\\/api.telegram.org\\\/bot6747104891:AAEkPktZMe1MYmaBAEaxcSyT1iJhKBoKTHA\\\/g ....
request_date: 2024-05-31 07:28:35
------------------------
request_url: https://api.telegram.org/bot6747104891:AAEkPktZMe1MYmaBAEaxcSyT1iJhKBoKTHA/sendMessage
request_method: POST
status: 200
response: "{\"url\":\"https:\\\/\\\/api.telegram.org\\\/bot6747104891:AAEkPktZMe1MYmaBAEaxcSyT1iJhKBoKTHA\\\/s ....
request_date: 2024-05-31 10:07:58
------------------------
request_url: https://api.telegram.org/bot6747104891:AAEkPktZMe1MYmaBAEaxcSyT1iJhKBoKTHA/sendMessage
request_method: POST
status: 200
response: "{\"url\":\"https:\\\/\\\/api.telegram.org\\\/bot6747104891:AAEkPktZMe1MYmaBAEaxcSyT1iJhKBoKTHA\\\/s ....
request_date: 2024-05-31 10:17:09
------------------------
request_url: https://api.telegram.org/bot6747104891:AAEkPktZMe1MYmaBAEaxcSyT1iJhKBoKTHA/sendMessage
request_method: POST
status: 200
response: "{\"url\":\"https:\\\/\\\/api.telegram.org\\\/bot6747104891:AAEkPktZMe1MYmaBAEaxcSyT1iJhKBoKTHA\\\/s ....
request_date: 2024-05-31 10:24:53
------------------------
request_url: https://api.telegram.org/bot6747104891:AAEkPktZMe1MYmaBAEaxcSyT1iJhKBoKTHA/sendMessage
request_method: POST
status: 200
response: "{\"url\":\"https:\\\/\\\/api.telegram.org\\\/bot6747104891:AAEkPktZMe1MYmaBAEaxcSyT1iJhKBoKTHA\\\/s ....
request_date: 2024-05-31 10:24:56
------------------------
request_url: https://api.telegram.org/bot6747104891:AAEkPktZMe1MYmaBAEaxcSyT1iJhKBoKTHA/sendMessage
request_method: POST
status: 200
response: "{\"url\":\"https:\\\/\\\/api.telegram.org\\\/bot6747104891:AAEkPktZMe1MYmaBAEaxcSyT1iJhKBoKTHA\\\/s ....
request_date: 2024-05-31 10:25:14
------------------------
request_url: https://api.telegram.org/bot6747104891:AAEkPktZMe1MYmaBAEaxcSyT1iJhKBoKTHA/sendMessage
request_method: POST
status: 200
response: "{\"url\":\"https:\\\/\\\/api.telegram.org\\\/bot6747104891:AAEkPktZMe1MYmaBAEaxcSyT1iJhKBoKTHA\\\/s ....
request_date: 2024-05-31 12:36:18
------------------------
request_url: https://api.telegram.org/bot6747104891:AAEkPktZMe1MYmaBAEaxcSyT1iJhKBoKTHA/sendMessage
request_method: POST
status: 200
response: "{\"url\":\"https:\\\/\\\/api.telegram.org\\\/bot6747104891:AAEkPktZMe1MYmaBAEaxcSyT1iJhKBoKTHA\\\/s ....
request_date: 2024-05-31 12:36:20
------------------------
request_url: https://api.telegram.org/bot6747104891:AAEkPktZMe1MYmaBAEaxcSyT1iJhKBoKTHA/sendMessage
request_method: POST
status: 200
response: "{\"url\":\"https:\\\/\\\/api.telegram.org\\\/bot6747104891:AAEkPktZMe1MYmaBAEaxcSyT1iJhKBoKTHA\\\/s ....
request_date: 2024-05-31 12:36:23
------------------------
request_url: https://api.telegram.org/bot6747104891:AAEkPktZMe1MYmaBAEaxcSyT1iJhKBoKTHA/sendMessage
request_method: POST
status: 200
response: "{\"url\":\"https:\\\/\\\/api.telegram.org\\\/bot6747104891:AAEkPktZMe1MYmaBAEaxcSyT1iJhKBoKTHA\\\/s ....
request_date: 2024-05-31 12:36:30
------------------------
request_url: https://api.telegram.org/bot6747104891:AAEkPktZMe1MYmaBAEaxcSyT1iJhKBoKTHA/sendMessage
request_method: POST
status: 200
response: "{\"url\":\"https:\\\/\\\/api.telegram.org\\\/bot6747104891:AAEkPktZMe1MYmaBAEaxcSyT1iJhKBoKTHA\\\/s ....
request_date: 2024-05-31 12:36:54
------------------------
request_url: https://api.telegram.org/bot6747104891:AAEkPktZMe1MYmaBAEaxcSyT1iJhKBoKTHA/sendMessage
request_method: POST
status: 200
response: "{\"url\":\"https:\\\/\\\/api.telegram.org\\\/bot6747104891:AAEkPktZMe1MYmaBAEaxcSyT1iJhKBoKTHA\\\/s ....
request_date: 2024-05-31 12:45:19
------------------------
request_url: https://api.telegram.org/bot6747104891:AAEkPktZMe1MYmaBAEaxcSyT1iJhKBoKTHA/sendMessage
request_method: POST
status: 200
response: "{\"url\":\"https:\\\/\\\/api.telegram.org\\\/bot6747104891:AAEkPktZMe1MYmaBAEaxcSyT1iJhKBoKTHA\\\/s ....
request_date: 2024-05-31 12:50:06
------------------------
request_url: https://api.telegram.org/bot6747104891:AAEkPktZMe1MYmaBAEaxcSyT1iJhKBoKTHA/sendMessage
request_method: POST
status: 200
response: "{\"url\":\"https:\\\/\\\/api.telegram.org\\\/bot6747104891:AAEkPktZMe1MYmaBAEaxcSyT1iJhKBoKTHA\\\/s ....
request_date: 2024-05-31 12:50:09
------------------------
request_url: https://api.telegram.org/bot6747104891:AAEkPktZMe1MYmaBAEaxcSyT1iJhKBoKTHA/sendMessage
request_method: POST
status: 200
response: "{\"url\":\"https:\\\/\\\/api.telegram.org\\\/bot6747104891:AAEkPktZMe1MYmaBAEaxcSyT1iJhKBoKTHA\\\/s ....
request_date: 2024-05-31 12:50:50
------------------------
request_url: https://api.telegram.org/bot6747104891:AAEkPktZMe1MYmaBAEaxcSyT1iJhKBoKTHA/sendMessage
request_method: POST
status: 200
response: "{\"url\":\"https:\\\/\\\/api.telegram.org\\\/bot6747104891:AAEkPktZMe1MYmaBAEaxcSyT1iJhKBoKTHA\\\/s ....
request_date: 2024-05-31 12:52:06
------------------------
request_url: https://api.telegram.org/bot6747104891:AAEkPktZMe1MYmaBAEaxcSyT1iJhKBoKTHA/sendMessage
request_method: POST
status: 200
response: "{\"url\":\"https:\\\/\\\/api.telegram.org\\\/bot6747104891:AAEkPktZMe1MYmaBAEaxcSyT1iJhKBoKTHA\\\/s ....
request_date: 2024-05-31 12:53:05
------------------------
request_url: https://api.telegram.org/bot6747104891:AAEkPktZMe1MYmaBAEaxcSyT1iJhKBoKTHA/sendMessage
request_method: POST
status: 200
response: "{\"url\":\"https:\\\/\\\/api.telegram.org\\\/bot6747104891:AAEkPktZMe1MYmaBAEaxcSyT1iJhKBoKTHA\\\/s ....
request_date: 2024-05-31 12:53:30
------------------------
request_url: https://api.telegram.org/bot6747104891:AAEkPktZMe1MYmaBAEaxcSyT1iJhKBoKTHA/sendMessage
request_method: POST
status: 200
response: "{\"url\":\"https:\\\/\\\/api.telegram.org\\\/bot6747104891:AAEkPktZMe1MYmaBAEaxcSyT1iJhKBoKTHA\\\/s ....
request_date: 2024-05-31 12:58:12
------------------------
request_url: https://api.telegram.org/bot6747104891:AAEkPktZMe1MYmaBAEaxcSyT1iJhKBoKTHA/sendMessage
request_method: POST
status: 200
response: "{\"url\":\"https:\\\/\\\/api.telegram.org\\\/bot6747104891:AAEkPktZMe1MYmaBAEaxcSyT1iJhKBoKTHA\\\/s ....
request_date: 2024-05-31 13:08:56
------------------------
request_url: https://api.telegram.org/bot6747104891:AAEkPktZMe1MYmaBAEaxcSyT1iJhKBoKTHA/sendMessage
request_method: POST
status: 200
response: "{\"url\":\"https:\\\/\\\/api.telegram.org\\\/bot6747104891:AAEkPktZMe1MYmaBAEaxcSyT1iJhKBoKTHA\\\/s ....
request_date: 2024-05-31 13:08:59
------------------------
request_url: https://api.telegram.org/bot6747104891:AAEkPktZMe1MYmaBAEaxcSyT1iJhKBoKTHA/sendMessage
request_method: POST
status: 200
response: "{\"url\":\"https:\\\/\\\/api.telegram.org\\\/bot6747104891:AAEkPktZMe1MYmaBAEaxcSyT1iJhKBoKTHA\\\/s ....
request_date: 2024-05-31 13:09:02
------------------------
request_url: https://api.telegram.org/bot6747104891:AAEkPktZMe1MYmaBAEaxcSyT1iJhKBoKTHA/sendMessage
request_method: POST
status: 200
response: "{\"url\":\"https:\\\/\\\/api.telegram.org\\\/bot6747104891:AAEkPktZMe1MYmaBAEaxcSyT1iJhKBoKTHA\\\/s ....
request_date: 2024-05-31 13:10:39
------------------------
request_url: https://api.telegram.org/bot6747104891:AAEkPktZMe1MYmaBAEaxcSyT1iJhKBoKTHA/sendMessage
request_method: POST
status: 200
response: "{\"url\":\"https:\\\/\\\/api.telegram.org\\\/bot6747104891:AAEkPktZMe1MYmaBAEaxcSyT1iJhKBoKTHA\\\/s ....
request_date: 2024-05-31 13:11:52
------------------------
request_url: https://api.telegram.org/bot6747104891:AAEkPktZMe1MYmaBAEaxcSyT1iJhKBoKTHA/sendMessage
request_method: POST
status: 200
response: "{\"url\":\"https:\\\/\\\/api.telegram.org\\\/bot6747104891:AAEkPktZMe1MYmaBAEaxcSyT1iJhKBoKTHA\\\/s ....
request_date: 2024-05-31 13:12:56
------------------------
request_url: https://api.telegram.org/bot6747104891:AAEkPktZMe1MYmaBAEaxcSyT1iJhKBoKTHA/sendMessage
request_method: POST
status: 200
response: "{\"url\":\"https:\\\/\\\/api.telegram.org\\\/bot6747104891:AAEkPktZMe1MYmaBAEaxcSyT1iJhKBoKTHA\\\/s ....
request_date: 2024-05-31 13:13:00
------------------------
request_url: https://api.telegram.org/bot6747104891:AAEkPktZMe1MYmaBAEaxcSyT1iJhKBoKTHA/sendMessage
request_method: POST
status: 200
response: "{\"url\":\"https:\\\/\\\/api.telegram.org\\\/bot6747104891:AAEkPktZMe1MYmaBAEaxcSyT1iJhKBoKTHA\\\/s ....
request_date: 2024-05-31 13:18:57
------------------------
request_url: https://api.telegram.org/bot6747104891:AAEkPktZMe1MYmaBAEaxcSyT1iJhKBoKTHA/sendMessage
request_method: POST
status: 200
response: "{\"url\":\"https:\\\/\\\/api.telegram.org\\\/bot6747104891:AAEkPktZMe1MYmaBAEaxcSyT1iJhKBoKTHA\\\/s ....
request_date: 2024-05-31 13:21:27
------------------------
request_url: https://api.telegram.org/bot6747104891:AAEkPktZMe1MYmaBAEaxcSyT1iJhKBoKTHA/sendMessage
request_method: POST
status: 200
response: "{\"url\":\"https:\\\/\\\/api.telegram.org\\\/bot6747104891:AAEkPktZMe1MYmaBAEaxcSyT1iJhKBoKTHA\\\/s ....
request_date: 2024-05-31 13:23:17
------------------------
request_url: https://api.telegram.org/bot6747104891:AAEkPktZMe1MYmaBAEaxcSyT1iJhKBoKTHA/sendMessage
request_method: POST
status: 200
response: "{\"url\":\"https:\\\/\\\/api.telegram.org\\\/bot6747104891:AAEkPktZMe1MYmaBAEaxcSyT1iJhKBoKTHA\\\/s ....
request_date: 2024-05-31 13:25:08
------------------------
request_url: https://api.telegram.org/bot6747104891:AAEkPktZMe1MYmaBAEaxcSyT1iJhKBoKTHA/sendMessage
request_method: POST
status: 400
response: "{\"url\":\"https:\\\/\\\/api.telegram.org\\\/bot6747104891:AAEkPktZMe1MYmaBAEaxcSyT1iJhKBoKTHA\\\/s ....
request_date: 2024-05-31 13:33:24
------------------------
request_url: https://api.telegram.org/bot6747104891:AAEkPktZMe1MYmaBAEaxcSyT1iJhKBoKTHA/sendMessage
request_method: POST
status: 200
response: "{\"url\":\"https:\\\/\\\/api.telegram.org\\\/bot6747104891:AAEkPktZMe1MYmaBAEaxcSyT1iJhKBoKTHA\\\/s ....
request_date: 2024-05-31 13:34:43
------------------------
request_url: https://api.telegram.org/bot6747104891:AAEkPktZMe1MYmaBAEaxcSyT1iJhKBoKTHA/sendMessage
request_method: POST
status: 200
response: "{\"url\":\"https:\\\/\\\/api.telegram.org\\\/bot6747104891:AAEkPktZMe1MYmaBAEaxcSyT1iJhKBoKTHA\\\/s ....
request_date: 2024-05-31 13:34:53
------------------------
request_url: https://api.telegram.org/bot6747104891:AAEkPktZMe1MYmaBAEaxcSyT1iJhKBoKTHA/sendMessage
request_method: POST
status: 200
response: "{\"url\":\"https:\\\/\\\/api.telegram.org\\\/bot6747104891:AAEkPktZMe1MYmaBAEaxcSyT1iJhKBoKTHA\\\/s ....
request_date: 2024-05-31 13:34:56
------------------------
request_url: https://api.telegram.org/bot6747104891:AAEkPktZMe1MYmaBAEaxcSyT1iJhKBoKTHA/sendMessage
request_method: POST
status: 200
response: "{\"url\":\"https:\\\/\\\/api.telegram.org\\\/bot6747104891:AAEkPktZMe1MYmaBAEaxcSyT1iJhKBoKTHA\\\/s ....
request_date: 2024-05-31 13:35:04
------------------------
request_url: https://api.telegram.org/bot6747104891:AAEkPktZMe1MYmaBAEaxcSyT1iJhKBoKTHA/sendMessage
request_method: POST
status: 200
response: "{\"url\":\"https:\\\/\\\/api.telegram.org\\\/bot6747104891:AAEkPktZMe1MYmaBAEaxcSyT1iJhKBoKTHA\\\/s ....
request_date: 2024-05-31 13:35:22
------------------------
request_url: https://api.telegram.org/bot6747104891:AAEkPktZMe1MYmaBAEaxcSyT1iJhKBoKTHA/sendMessage
request_method: POST
status: 200
response: "{\"url\":\"https:\\\/\\\/api.telegram.org\\\/bot6747104891:AAEkPktZMe1MYmaBAEaxcSyT1iJhKBoKTHA\\\/s ....
request_date: 2024-05-31 13:35:53
------------------------
request_url: https://api.telegram.org/bot6747104891:AAEkPktZMe1MYmaBAEaxcSyT1iJhKBoKTHA/sendMessage
request_method: POST
status: 400
response: "{\"url\":\"https:\\\/\\\/api.telegram.org\\\/bot6747104891:AAEkPktZMe1MYmaBAEaxcSyT1iJhKBoKTHA\\\/s ....
request_date: 2024-05-31 13:35:56
------------------------
request_url: https://api.telegram.org/bot6747104891:AAEkPktZMe1MYmaBAEaxcSyT1iJhKBoKTHA/sendMessage
request_method: POST
status: 200
response: "{\"url\":\"https:\\\/\\\/api.telegram.org\\\/bot6747104891:AAEkPktZMe1MYmaBAEaxcSyT1iJhKBoKTHA\\\/s ....
request_date: 2024-05-31 13:45:20
------------------------
request_url: https://api.telegram.org/bot6747104891:AAEkPktZMe1MYmaBAEaxcSyT1iJhKBoKTHA/sendMessage
request_method: POST
status: 200
response: "{\"url\":\"https:\\\/\\\/api.telegram.org\\\/bot6747104891:AAEkPktZMe1MYmaBAEaxcSyT1iJhKBoKTHA\\\/s ....
request_date: 2024-05-31 13:48:04
------------------------
request_url: https://api.telegram.org/bot6747104891:AAEkPktZMe1MYmaBAEaxcSyT1iJhKBoKTHA/sendMessage
request_method: POST
status: 200
response: "{\"url\":\"https:\\\/\\\/api.telegram.org\\\/bot6747104891:AAEkPktZMe1MYmaBAEaxcSyT1iJhKBoKTHA\\\/s ....
request_date: 2024-05-31 13:48:07
------------------------
request_url: https://api.telegram.org/bot6747104891:AAEkPktZMe1MYmaBAEaxcSyT1iJhKBoKTHA/sendMessage
request_method: POST
status: 200
response: "{\"url\":\"https:\\\/\\\/api.telegram.org\\\/bot6747104891:AAEkPktZMe1MYmaBAEaxcSyT1iJhKBoKTHA\\\/s ....
request_date: 2024-05-31 13:48:10
------------------------
request_url: https://api.telegram.org/bot6747104891:AAEkPktZMe1MYmaBAEaxcSyT1iJhKBoKTHA/sendMessage
request_method: POST
status: 200
response: "{\"url\":\"https:\\\/\\\/api.telegram.org\\\/bot6747104891:AAEkPktZMe1MYmaBAEaxcSyT1iJhKBoKTHA\\\/s ....
request_date: 2024-05-31 13:48:13
------------------------
request_url: https://api.telegram.org/bot6747104891:AAEkPktZMe1MYmaBAEaxcSyT1iJhKBoKTHA/sendMessage
request_method: POST
status: 200
response: "{\"url\":\"https:\\\/\\\/api.telegram.org\\\/bot6747104891:AAEkPktZMe1MYmaBAEaxcSyT1iJhKBoKTHA\\\/s ....
request_date: 2024-05-31 13:49:35
------------------------
request_url: https://api.telegram.org/bot6747104891:AAEkPktZMe1MYmaBAEaxcSyT1iJhKBoKTHA/sendMessage
request_method: POST
status: 200
response: "{\"url\":\"https:\\\/\\\/api.telegram.org\\\/bot6747104891:AAEkPktZMe1MYmaBAEaxcSyT1iJhKBoKTHA\\\/s ....
request_date: 2024-05-31 13:49:37
------------------------
request_url: https://api.telegram.org/bot6747104891:AAEkPktZMe1MYmaBAEaxcSyT1iJhKBoKTHA/sendMessage
request_method: POST
status: 200
response: "{\"url\":\"https:\\\/\\\/api.telegram.org\\\/bot6747104891:AAEkPktZMe1MYmaBAEaxcSyT1iJhKBoKTHA\\\/s ....
request_date: 2024-05-31 13:49:42
------------------------
request_url: https://api.telegram.org/bot6747104891:AAEkPktZMe1MYmaBAEaxcSyT1iJhKBoKTHA/sendMessage
request_method: POST
status: 200
response: "{\"url\":\"https:\\\/\\\/api.telegram.org\\\/bot6747104891:AAEkPktZMe1MYmaBAEaxcSyT1iJhKBoKTHA\\\/s ....
request_date: 2024-05-31 13:50:01
------------------------
request_url: https://api.telegram.org/bot6747104891:AAEkPktZMe1MYmaBAEaxcSyT1iJhKBoKTHA/sendMessage
request_method: POST
status: 200
response: "{\"url\":\"https:\\\/\\\/api.telegram.org\\\/bot6747104891:AAEkPktZMe1MYmaBAEaxcSyT1iJhKBoKTHA\\\/s ....
request_date: 2024-05-31 13:50:02
------------------------
request_url: https://api.telegram.org/bot6747104891:AAEkPktZMe1MYmaBAEaxcSyT1iJhKBoKTHA/sendMessage
request_method: POST
status: 200
response: "{\"url\":\"https:\\\/\\\/api.telegram.org\\\/bot6747104891:AAEkPktZMe1MYmaBAEaxcSyT1iJhKBoKTHA\\\/s ....
request_date: 2024-05-31 14:14:54
------------------------
request_url: https://api.telegram.org/bot6747104891:AAEkPktZMe1MYmaBAEaxcSyT1iJhKBoKTHA/sendMessage
request_method: POST
status: 200
response: "{\"url\":\"https:\\\/\\\/api.telegram.org\\\/bot6747104891:AAEkPktZMe1MYmaBAEaxcSyT1iJhKBoKTHA\\\/s ....
request_date: 2024-05-31 14:15:56
------------------------
request_url: https://api.telegram.org/bot6747104891:AAEkPktZMe1MYmaBAEaxcSyT1iJhKBoKTHA/sendMessage
request_method: POST
status: 200
response: "{\"url\":\"https:\\\/\\\/api.telegram.org\\\/bot6747104891:AAEkPktZMe1MYmaBAEaxcSyT1iJhKBoKTHA\\\/s ....
request_date: 2024-05-31 14:15:59
------------------------
request_url: https://api.telegram.org/bot6747104891:AAEkPktZMe1MYmaBAEaxcSyT1iJhKBoKTHA/sendMessage
request_method: POST
status: 200
response: "{\"url\":\"https:\\\/\\\/api.telegram.org\\\/bot6747104891:AAEkPktZMe1MYmaBAEaxcSyT1iJhKBoKTHA\\\/s ....
request_date: 2024-05-31 14:17:30
------------------------
request_url: https://api.telegram.org/bot6747104891:AAEkPktZMe1MYmaBAEaxcSyT1iJhKBoKTHA/sendMessage
request_method: POST
status: 200
response: "{\"url\":\"https:\\\/\\\/api.telegram.org\\\/bot6747104891:AAEkPktZMe1MYmaBAEaxcSyT1iJhKBoKTHA\\\/s ....
request_date: 2024-05-31 14:18:48
------------------------
request_url: https://api.telegram.org/bot6747104891:AAEkPktZMe1MYmaBAEaxcSyT1iJhKBoKTHA/sendMessage
request_method: POST
status: 200
response: "{\"url\":\"https:\\\/\\\/api.telegram.org\\\/bot6747104891:AAEkPktZMe1MYmaBAEaxcSyT1iJhKBoKTHA\\\/s ....
request_date: 2024-05-31 14:20:44
------------------------
request_url: https://api.telegram.org/bot6747104891:AAEkPktZMe1MYmaBAEaxcSyT1iJhKBoKTHA/sendMessage
request_method: POST
status: 200
response: "{\"url\":\"https:\\\/\\\/api.telegram.org\\\/bot6747104891:AAEkPktZMe1MYmaBAEaxcSyT1iJhKBoKTHA\\\/s ....
request_date: 2024-05-31 14:20:47
------------------------
request_url: https://api.telegram.org/bot6747104891:AAEkPktZMe1MYmaBAEaxcSyT1iJhKBoKTHA/sendMessage
request_method: POST
status: 200
response: "{\"url\":\"https:\\\/\\\/api.telegram.org\\\/bot6747104891:AAEkPktZMe1MYmaBAEaxcSyT1iJhKBoKTHA\\\/s ....
request_date: 2024-05-31 14:20:49
------------------------
request_url: https://api.telegram.org/bot6747104891:AAEkPktZMe1MYmaBAEaxcSyT1iJhKBoKTHA/sendMessage
request_method: POST
status: 200
response: "{\"url\":\"https:\\\/\\\/api.telegram.org\\\/bot6747104891:AAEkPktZMe1MYmaBAEaxcSyT1iJhKBoKTHA\\\/s ....
request_date: 2024-05-31 14:20:54
------------------------
request_url: https://api.telegram.org/bot6747104891:AAEkPktZMe1MYmaBAEaxcSyT1iJhKBoKTHA/sendMessage
request_method: POST
status: 200
response: "{\"url\":\"https:\\\/\\\/api.telegram.org\\\/bot6747104891:AAEkPktZMe1MYmaBAEaxcSyT1iJhKBoKTHA\\\/s ....
request_date: 2024-05-31 14:21:06
------------------------
request_url: https://api.telegram.org/bot6747104891:AAEkPktZMe1MYmaBAEaxcSyT1iJhKBoKTHA/sendMessage
request_method: POST
status: 200
response: "{\"url\":\"https:\\\/\\\/api.telegram.org\\\/bot6747104891:AAEkPktZMe1MYmaBAEaxcSyT1iJhKBoKTHA\\\/s ....
request_date: 2024-05-31 14:21:07
------------------------
request_url: https://api.telegram.org/bot6747104891:AAEkPktZMe1MYmaBAEaxcSyT1iJhKBoKTHA/sendMessage
request_method: POST
status: 200
response: "{\"url\":\"https:\\\/\\\/api.telegram.org\\\/bot6747104891:AAEkPktZMe1MYmaBAEaxcSyT1iJhKBoKTHA\\\/s ....
request_date: 2024-05-31 14:21:10
------------------------
request_url: https://api.telegram.org/bot6747104891:AAEkPktZMe1MYmaBAEaxcSyT1iJhKBoKTHA/sendMessage
request_method: POST
status: 200
response: "{\"url\":\"https:\\\/\\\/api.telegram.org\\\/bot6747104891:AAEkPktZMe1MYmaBAEaxcSyT1iJhKBoKTHA\\\/s ....
request_date: 2024-05-31 14:21:34
------------------------
request_url: https://api.telegram.org/bot6747104891:AAEkPktZMe1MYmaBAEaxcSyT1iJhKBoKTHA/sendMessage
request_method: POST
status: 200
response: "{\"url\":\"https:\\\/\\\/api.telegram.org\\\/bot6747104891:AAEkPktZMe1MYmaBAEaxcSyT1iJhKBoKTHA\\\/s ....
request_date: 2024-05-31 14:22:48
------------------------
request_url: https://api.telegram.org/bot6747104891:AAEkPktZMe1MYmaBAEaxcSyT1iJhKBoKTHA/sendAudio
request_method: POST
status: 400
response: "{\"url\":\"https:\\\/\\\/api.telegram.org\\\/bot6747104891:AAEkPktZMe1MYmaBAEaxcSyT1iJhKBoKTHA\\\/s ....
request_date: 2024-05-31 14:23:05
------------------------
request_url: https://api.telegram.org/bot6747104891:AAEkPktZMe1MYmaBAEaxcSyT1iJhKBoKTHA/sendMessage
request_method: POST
status: 200
response: "{\"url\":\"https:\\\/\\\/api.telegram.org\\\/bot6747104891:AAEkPktZMe1MYmaBAEaxcSyT1iJhKBoKTHA\\\/s ....
request_date: 2024-05-31 14:23:48
------------------------
request_url: https://api.telegram.org/bot6747104891:AAEkPktZMe1MYmaBAEaxcSyT1iJhKBoKTHA/sendMessage
request_method: POST
status: 200
response: "{\"url\":\"https:\\\/\\\/api.telegram.org\\\/bot6747104891:AAEkPktZMe1MYmaBAEaxcSyT1iJhKBoKTHA\\\/s ....
request_date: 2024-05-31 14:24:11
------------------------
request_url: https://api.telegram.org/bot6747104891:AAEkPktZMe1MYmaBAEaxcSyT1iJhKBoKTHA/sendMessage
request_method: POST
status: 200
response: "{\"url\":\"https:\\\/\\\/api.telegram.org\\\/bot6747104891:AAEkPktZMe1MYmaBAEaxcSyT1iJhKBoKTHA\\\/s ....
request_date: 2024-05-31 14:25:03
------------------------
request_url: https://api.telegram.org/bot6747104891:AAEkPktZMe1MYmaBAEaxcSyT1iJhKBoKTHA/sendMessage
request_method: POST
status: 200
response: "{\"url\":\"https:\\\/\\\/api.telegram.org\\\/bot6747104891:AAEkPktZMe1MYmaBAEaxcSyT1iJhKBoKTHA\\\/s ....
request_date: 2024-05-31 14:25:46
------------------------
request_url: https://api.telegram.org/bot6747104891:AAEkPktZMe1MYmaBAEaxcSyT1iJhKBoKTHA/sendAudio
request_method: POST
status: 400
response: "{\"url\":\"https:\\\/\\\/api.telegram.org\\\/bot6747104891:AAEkPktZMe1MYmaBAEaxcSyT1iJhKBoKTHA\\\/s ....
request_date: 2024-05-31 14:27:22
------------------------
request_url: https://api.telegram.org/bot6747104891:AAEkPktZMe1MYmaBAEaxcSyT1iJhKBoKTHA/sendAudio
request_method: POST
status: 200
response: "{\"url\":\"https:\\\/\\\/api.telegram.org\\\/bot6747104891:AAEkPktZMe1MYmaBAEaxcSyT1iJhKBoKTHA\\\/s ....
request_date: 2024-05-31 14:28:51
------------------------
request_url: https://api.telegram.org/bot6747104891:AAEkPktZMe1MYmaBAEaxcSyT1iJhKBoKTHA/sendAudio
request_method: POST
status: 200
response: "{\"url\":\"https:\\\/\\\/api.telegram.org\\\/bot6747104891:AAEkPktZMe1MYmaBAEaxcSyT1iJhKBoKTHA\\\/s ....
request_date: 2024-05-31 14:28:52
------------------------
request_url: https://api.telegram.org/bot6747104891:AAEkPktZMe1MYmaBAEaxcSyT1iJhKBoKTHA/sendMessage
request_method: POST
status: 200
response: "{\"url\":\"https:\\\/\\\/api.telegram.org\\\/bot6747104891:AAEkPktZMe1MYmaBAEaxcSyT1iJhKBoKTHA\\\/s ....
request_date: 2024-05-31 14:29:30
------------------------
request_url: https://api.telegram.org/bot6747104891:AAEkPktZMe1MYmaBAEaxcSyT1iJhKBoKTHA/sendAudio
request_method: POST
status: 200
response: "{\"url\":\"https:\\\/\\\/api.telegram.org\\\/bot6747104891:AAEkPktZMe1MYmaBAEaxcSyT1iJhKBoKTHA\\\/s ....
request_date: 2024-05-31 14:29:31
------------------------
request_url: https://api.telegram.org/bot6747104891:AAEkPktZMe1MYmaBAEaxcSyT1iJhKBoKTHA/sendAudio
request_method: POST
status: 200
response: "{\"url\":\"https:\\\/\\\/api.telegram.org\\\/bot6747104891:AAEkPktZMe1MYmaBAEaxcSyT1iJhKBoKTHA\\\/s ....
request_date: 2024-05-31 14:30:05
------------------------
request_url: https://api.telegram.org/bot6747104891:AAEkPktZMe1MYmaBAEaxcSyT1iJhKBoKTHA/sendMessage
request_method: POST
status: 200
response: "{\"url\":\"https:\\\/\\\/api.telegram.org\\\/bot6747104891:AAEkPktZMe1MYmaBAEaxcSyT1iJhKBoKTHA\\\/s ....
request_date: 2024-05-31 14:30:06
------------------------
request_url: https://api.telegram.org/bot6747104891:AAEkPktZMe1MYmaBAEaxcSyT1iJhKBoKTHA/sendMessage
request_method: POST
status: 200
response: "{\"url\":\"https:\\\/\\\/api.telegram.org\\\/bot6747104891:AAEkPktZMe1MYmaBAEaxcSyT1iJhKBoKTHA\\\/s ....
request_date: 2024-05-31 14:30:24
------------------------
request_url: https://api.telegram.org/bot6747104891:AAEkPktZMe1MYmaBAEaxcSyT1iJhKBoKTHA/sendAudio
request_method: POST
status: 200
response: "{\"url\":\"https:\\\/\\\/api.telegram.org\\\/bot6747104891:AAEkPktZMe1MYmaBAEaxcSyT1iJhKBoKTHA\\\/s ....
request_date: 2024-05-31 14:30:26
------------------------
request_url: https://api.telegram.org/bot6747104891:AAEkPktZMe1MYmaBAEaxcSyT1iJhKBoKTHA/sendAudio
request_method: POST
status: 200
response: "{\"url\":\"https:\\\/\\\/api.telegram.org\\\/bot6747104891:AAEkPktZMe1MYmaBAEaxcSyT1iJhKBoKTHA\\\/s ....
request_date: 2024-05-31 14:30:27
------------------------
request_url: https://api.telegram.org/bot6747104891:AAEkPktZMe1MYmaBAEaxcSyT1iJhKBoKTHA/sendMessage
request_method: POST
status: 400
response: "{\"url\":\"https:\\\/\\\/api.telegram.org\\\/bot6747104891:AAEkPktZMe1MYmaBAEaxcSyT1iJhKBoKTHA\\\/s ....
request_date: 2024-05-31 14:31:16
------------------------
request_url: https://api.telegram.org/bot6747104891:AAEkPktZMe1MYmaBAEaxcSyT1iJhKBoKTHA/sendAudio
request_method: POST
status: 200
response: "{\"url\":\"https:\\\/\\\/api.telegram.org\\\/bot6747104891:AAEkPktZMe1MYmaBAEaxcSyT1iJhKBoKTHA\\\/s ....
request_date: 2024-05-31 14:31:17
------------------------
request_url: https://api.telegram.org/bot6747104891:AAEkPktZMe1MYmaBAEaxcSyT1iJhKBoKTHA/sendAudio
request_method: POST
status: 200
response: "{\"url\":\"https:\\\/\\\/api.telegram.org\\\/bot6747104891:AAEkPktZMe1MYmaBAEaxcSyT1iJhKBoKTHA\\\/s ....
request_date: 2024-05-31 14:31:18
------------------------
request_url: https://api.telegram.org/bot6747104891:AAEkPktZMe1MYmaBAEaxcSyT1iJhKBoKTHA/sendMessage
request_method: POST
status: 200
response: "{\"url\":\"https:\\\/\\\/api.telegram.org\\\/bot6747104891:AAEkPktZMe1MYmaBAEaxcSyT1iJhKBoKTHA\\\/s ....
request_date: 2024-05-31 14:32:04
------------------------
request_url: https://api.telegram.org/bot6747104891:AAEkPktZMe1MYmaBAEaxcSyT1iJhKBoKTHA/sendAudio
request_method: POST
status: 200
response: "{\"url\":\"https:\\\/\\\/api.telegram.org\\\/bot6747104891:AAEkPktZMe1MYmaBAEaxcSyT1iJhKBoKTHA\\\/s ....
request_date: 2024-05-31 14:32:05
------------------------
request_url: https://api.telegram.org/bot6747104891:AAEkPktZMe1MYmaBAEaxcSyT1iJhKBoKTHA/sendAudio
request_method: POST
status: 200
response: "{\"url\":\"https:\\\/\\\/api.telegram.org\\\/bot6747104891:AAEkPktZMe1MYmaBAEaxcSyT1iJhKBoKTHA\\\/s ....
request_date: 2024-05-31 14:32:06
------------------------
request_url: https://api.telegram.org/bot6747104891:AAEkPktZMe1MYmaBAEaxcSyT1iJhKBoKTHA/sendMessage
request_method: POST
status: 200
response: "{\"url\":\"https:\\\/\\\/api.telegram.org\\\/bot6747104891:AAEkPktZMe1MYmaBAEaxcSyT1iJhKBoKTHA\\\/s ....
request_date: 2024-05-31 14:33:16
------------------------
request_url: https://api.telegram.org/bot6747104891:AAEkPktZMe1MYmaBAEaxcSyT1iJhKBoKTHA/sendMessage
request_method: POST
status: 200
response: "{\"url\":\"https:\\\/\\\/api.telegram.org\\\/bot6747104891:AAEkPktZMe1MYmaBAEaxcSyT1iJhKBoKTHA\\\/s ....
request_date: 2024-05-31 14:33:18
------------------------
request_url: https://api.telegram.org/bot6747104891:AAEkPktZMe1MYmaBAEaxcSyT1iJhKBoKTHA/sendMessage
request_method: POST
status: 200
response: "{\"url\":\"https:\\\/\\\/api.telegram.org\\\/bot6747104891:AAEkPktZMe1MYmaBAEaxcSyT1iJhKBoKTHA\\\/s ....
request_date: 2024-05-31 14:33:24
------------------------
request_url: https://api.telegram.org/bot6747104891:AAEkPktZMe1MYmaBAEaxcSyT1iJhKBoKTHA/sendMessage
request_method: POST
status: 200
response: "{\"url\":\"https:\\\/\\\/api.telegram.org\\\/bot6747104891:AAEkPktZMe1MYmaBAEaxcSyT1iJhKBoKTHA\\\/s ....
request_date: 2024-05-31 14:33:34
------------------------
request_url: https://api.telegram.org/bot6747104891:AAEkPktZMe1MYmaBAEaxcSyT1iJhKBoKTHA/sendMessage
request_method: POST
status: 200
response: "{\"url\":\"https:\\\/\\\/api.telegram.org\\\/bot6747104891:AAEkPktZMe1MYmaBAEaxcSyT1iJhKBoKTHA\\\/s ....
request_date: 2024-05-31 14:34:19
------------------------
request_url: https://api.telegram.org/bot6747104891:AAEkPktZMe1MYmaBAEaxcSyT1iJhKBoKTHA/sendMessage
request_method: POST
status: 200
response: "{\"url\":\"https:\\\/\\\/api.telegram.org\\\/bot6747104891:AAEkPktZMe1MYmaBAEaxcSyT1iJhKBoKTHA\\\/s ....
request_date: 2024-05-31 14:34:31
------------------------
request_url: https://api.telegram.org/bot6747104891:AAEkPktZMe1MYmaBAEaxcSyT1iJhKBoKTHA/sendMessage
request_method: POST
status: 200
response: "{\"url\":\"https:\\\/\\\/api.telegram.org\\\/bot6747104891:AAEkPktZMe1MYmaBAEaxcSyT1iJhKBoKTHA\\\/s ....
request_date: 2024-05-31 14:35:47
------------------------
request_url: https://api.telegram.org/bot6747104891:AAEkPktZMe1MYmaBAEaxcSyT1iJhKBoKTHA/sendMessage
request_method: POST
status: 200
response: "{\"url\":\"https:\\\/\\\/api.telegram.org\\\/bot6747104891:AAEkPktZMe1MYmaBAEaxcSyT1iJhKBoKTHA\\\/s ....
request_date: 2024-05-31 14:35:50
------------------------
request_url: https://api.telegram.org/bot6747104891:AAEkPktZMe1MYmaBAEaxcSyT1iJhKBoKTHA/sendMessage
request_method: POST
status: 200
response: "{\"url\":\"https:\\\/\\\/api.telegram.org\\\/bot6747104891:AAEkPktZMe1MYmaBAEaxcSyT1iJhKBoKTHA\\\/s ....
request_date: 2024-05-31 14:35:53
------------------------
request_url: https://api.telegram.org/bot6747104891:AAEkPktZMe1MYmaBAEaxcSyT1iJhKBoKTHA/sendMessage
request_method: POST
status: 200
response: "{\"url\":\"https:\\\/\\\/api.telegram.org\\\/bot6747104891:AAEkPktZMe1MYmaBAEaxcSyT1iJhKBoKTHA\\\/s ....
request_date: 2024-05-31 14:36:13
------------------------
request_url: https://api.telegram.org/bot6747104891:AAEkPktZMe1MYmaBAEaxcSyT1iJhKBoKTHA/sendMessage
request_method: POST
status: 200
response: "{\"url\":\"https:\\\/\\\/api.telegram.org\\\/bot6747104891:AAEkPktZMe1MYmaBAEaxcSyT1iJhKBoKTHA\\\/s ....
request_date: 2024-05-31 14:36:34
------------------------
request_url: https://api.telegram.org/bot6747104891:AAEkPktZMe1MYmaBAEaxcSyT1iJhKBoKTHA/sendMessage
request_method: POST
status: 200
response: "{\"url\":\"https:\\\/\\\/api.telegram.org\\\/bot6747104891:AAEkPktZMe1MYmaBAEaxcSyT1iJhKBoKTHA\\\/s ....
request_date: 2024-05-31 14:36:35
------------------------
request_url: https://api.telegram.org/bot6747104891:AAEkPktZMe1MYmaBAEaxcSyT1iJhKBoKTHA/sendMessage
request_method: POST
status: 200
response: "{\"url\":\"https:\\\/\\\/api.telegram.org\\\/bot6747104891:AAEkPktZMe1MYmaBAEaxcSyT1iJhKBoKTHA\\\/s ....
request_date: 2024-05-31 14:36:36
------------------------
request_url: https://api.telegram.org/bot6747104891:AAEkPktZMe1MYmaBAEaxcSyT1iJhKBoKTHA/sendMessage
request_method: POST
status: 200
response: "{\"url\":\"https:\\\/\\\/api.telegram.org\\\/bot6747104891:AAEkPktZMe1MYmaBAEaxcSyT1iJhKBoKTHA\\\/s ....
request_date: 2024-05-31 14:36:43
------------------------
request_url: https://api.telegram.org/bot6747104891:AAEkPktZMe1MYmaBAEaxcSyT1iJhKBoKTHA/sendMessage
request_method: POST
status: 200
response: "{\"url\":\"https:\\\/\\\/api.telegram.org\\\/bot6747104891:AAEkPktZMe1MYmaBAEaxcSyT1iJhKBoKTHA\\\/s ....
request_date: 2024-05-31 14:36:48
------------------------
request_url: https://api.telegram.org/bot6747104891:AAEkPktZMe1MYmaBAEaxcSyT1iJhKBoKTHA/sendAudio
request_method: POST
status: 200
response: "{\"url\":\"https:\\\/\\\/api.telegram.org\\\/bot6747104891:AAEkPktZMe1MYmaBAEaxcSyT1iJhKBoKTHA\\\/s ....
request_date: 2024-05-31 14:36:49
------------------------
request_url: https://api.telegram.org/bot6747104891:AAEkPktZMe1MYmaBAEaxcSyT1iJhKBoKTHA/sendAudio
request_method: POST
status: 200
response: "{\"url\":\"https:\\\/\\\/api.telegram.org\\\/bot6747104891:AAEkPktZMe1MYmaBAEaxcSyT1iJhKBoKTHA\\\/s ....
request_date: 2024-05-31 14:36:50
------------------------
request_url: https://api.telegram.org/bot6747104891:AAEkPktZMe1MYmaBAEaxcSyT1iJhKBoKTHA/sendVideo
request_method: POST
status: 200
response: "{\"url\":\"https:\\\/\\\/api.telegram.org\\\/bot6747104891:AAEkPktZMe1MYmaBAEaxcSyT1iJhKBoKTHA\\\/s ....
request_date: 2024-05-31 14:36:51
------------------------
request_url: https://api.telegram.org/bot6747104891:AAEkPktZMe1MYmaBAEaxcSyT1iJhKBoKTHA/sendMessage
request_method: POST
status: 200
response: "{\"url\":\"https:\\\/\\\/api.telegram.org\\\/bot6747104891:AAEkPktZMe1MYmaBAEaxcSyT1iJhKBoKTHA\\\/s ....
request_date: 2024-05-31 14:38:50
------------------------
request_url: https://api.telegram.org/bot6747104891:AAEkPktZMe1MYmaBAEaxcSyT1iJhKBoKTHA/sendMessage
request_method: POST
status: 200
response: "{\"url\":\"https:\\\/\\\/api.telegram.org\\\/bot6747104891:AAEkPktZMe1MYmaBAEaxcSyT1iJhKBoKTHA\\\/s ....
request_date: 2024-05-31 14:38:53
------------------------
request_url: https://api.telegram.org/bot6747104891:AAEkPktZMe1MYmaBAEaxcSyT1iJhKBoKTHA/sendMessage
request_method: POST
status: 200
response: "{\"url\":\"https:\\\/\\\/api.telegram.org\\\/bot6747104891:AAEkPktZMe1MYmaBAEaxcSyT1iJhKBoKTHA\\\/s ....
request_date: 2024-05-31 14:39:09
------------------------
request_url: https://api.telegram.org/bot6747104891:AAEkPktZMe1MYmaBAEaxcSyT1iJhKBoKTHA/sendMessage
request_method: POST
status: 200
response: "{\"url\":\"https:\\\/\\\/api.telegram.org\\\/bot6747104891:AAEkPktZMe1MYmaBAEaxcSyT1iJhKBoKTHA\\\/s ....
request_date: 2024-05-31 14:39:43
------------------------
request_url: https://api.telegram.org/bot6747104891:AAEkPktZMe1MYmaBAEaxcSyT1iJhKBoKTHA/sendMessage
request_method: POST
status: 200
response: "{\"url\":\"https:\\\/\\\/api.telegram.org\\\/bot6747104891:AAEkPktZMe1MYmaBAEaxcSyT1iJhKBoKTHA\\\/s ....
request_date: 2024-05-31 14:40:01
------------------------
request_url: https://api.telegram.org/bot6747104891:AAEkPktZMe1MYmaBAEaxcSyT1iJhKBoKTHA/sendMessage
request_method: POST
status: 200
response: "{\"url\":\"https:\\\/\\\/api.telegram.org\\\/bot6747104891:AAEkPktZMe1MYmaBAEaxcSyT1iJhKBoKTHA\\\/s ....
request_date: 2024-05-31 14:40:02
------------------------
request_url: https://api.telegram.org/bot6747104891:AAEkPktZMe1MYmaBAEaxcSyT1iJhKBoKTHA/sendMessage
request_method: POST
status: 200
response: "{\"url\":\"https:\\\/\\\/api.telegram.org\\\/bot6747104891:AAEkPktZMe1MYmaBAEaxcSyT1iJhKBoKTHA\\\/s ....
request_date: 2024-05-31 14:40:07
------------------------
request_url: https://api.telegram.org/bot6747104891:AAEkPktZMe1MYmaBAEaxcSyT1iJhKBoKTHA/sendMessage
request_method: POST
status: 200
response: "{\"url\":\"https:\\\/\\\/api.telegram.org\\\/bot6747104891:AAEkPktZMe1MYmaBAEaxcSyT1iJhKBoKTHA\\\/s ....
request_date: 2024-05-31 14:40:41
------------------------
request_url: https://api.telegram.org/bot6747104891:AAEkPktZMe1MYmaBAEaxcSyT1iJhKBoKTHA/sendMessage
request_method: POST
status: 200
response: "{\"url\":\"https:\\\/\\\/api.telegram.org\\\/bot6747104891:AAEkPktZMe1MYmaBAEaxcSyT1iJhKBoKTHA\\\/s ....
request_date: 2024-05-31 14:40:42
------------------------
request_url: https://api.telegram.org/bot6747104891:AAEkPktZMe1MYmaBAEaxcSyT1iJhKBoKTHA/sendMessage
request_method: POST
status: 200
response: "{\"url\":\"https:\\\/\\\/api.telegram.org\\\/bot6747104891:AAEkPktZMe1MYmaBAEaxcSyT1iJhKBoKTHA\\\/s ....
request_date: 2024-05-31 14:40:45
------------------------
request_url: https://api.telegram.org/bot6747104891:AAEkPktZMe1MYmaBAEaxcSyT1iJhKBoKTHA/sendMessage
request_method: POST
status: 200
response: "{\"url\":\"https:\\\/\\\/api.telegram.org\\\/bot6747104891:AAEkPktZMe1MYmaBAEaxcSyT1iJhKBoKTHA\\\/s ....
request_date: 2024-05-31 14:53:48
------------------------
request_url: https://api.telegram.org/bot6747104891:AAEkPktZMe1MYmaBAEaxcSyT1iJhKBoKTHA/sendMessage
request_method: POST
status: 200
response: "{\"url\":\"https:\\\/\\\/api.telegram.org\\\/bot6747104891:AAEkPktZMe1MYmaBAEaxcSyT1iJhKBoKTHA\\\/s ....
request_date: 2024-05-31 14:54:40
------------------------
request_url: https://api.telegram.org/bot6747104891:AAEkPktZMe1MYmaBAEaxcSyT1iJhKBoKTHA/sendMessage
request_method: POST
status: 400
response: "{\"url\":\"https:\\\/\\\/api.telegram.org\\\/bot6747104891:AAEkPktZMe1MYmaBAEaxcSyT1iJhKBoKTHA\\\/s ....
request_date: 2024-05-31 14:54:42
------------------------
request_url: https://api.telegram.org/bot6747104891:AAEkPktZMe1MYmaBAEaxcSyT1iJhKBoKTHA/sendMessage
request_method: POST
status: 200
response: "{\"url\":\"https:\\\/\\\/api.telegram.org\\\/bot6747104891:AAEkPktZMe1MYmaBAEaxcSyT1iJhKBoKTHA\\\/s ....
request_date: 2024-05-31 14:56:54
------------------------
request_url: https://api.telegram.org/bot6747104891:AAEkPktZMe1MYmaBAEaxcSyT1iJhKBoKTHA/editMessageReplyMarkup
request_method: POST
status: 400
response: "{\"url\":\"https:\\\/\\\/api.telegram.org\\\/bot6747104891:AAEkPktZMe1MYmaBAEaxcSyT1iJhKBoKTHA\\\/e ....
request_date: 2024-05-31 14:56:56
------------------------
request_url: https://api.telegram.org/bot6747104891:AAEkPktZMe1MYmaBAEaxcSyT1iJhKBoKTHA/sendMessage
request_method: POST
status: 200
response: "{\"url\":\"https:\\\/\\\/api.telegram.org\\\/bot6747104891:AAEkPktZMe1MYmaBAEaxcSyT1iJhKBoKTHA\\\/s ....
request_date: 2024-05-31 14:58:39
------------------------
request_url: https://api.telegram.org/bot6747104891:AAEkPktZMe1MYmaBAEaxcSyT1iJhKBoKTHA/editMessageReplyMarkup
request_method: POST
status: 400
response: "{\"url\":\"https:\\\/\\\/api.telegram.org\\\/bot6747104891:AAEkPktZMe1MYmaBAEaxcSyT1iJhKBoKTHA\\\/e ....
request_date: 2024-05-31 14:59:23
------------------------
request_url: https://api.telegram.org/bot6747104891:AAEkPktZMe1MYmaBAEaxcSyT1iJhKBoKTHA/sendMessage
request_method: POST
status: 200
response: "{\"url\":\"https:\\\/\\\/api.telegram.org\\\/bot6747104891:AAEkPktZMe1MYmaBAEaxcSyT1iJhKBoKTHA\\\/s ....
request_date: 2024-05-31 15:01:59
------------------------
request_url: https://api.telegram.org/bot6747104891:AAEkPktZMe1MYmaBAEaxcSyT1iJhKBoKTHA/sendMessage
request_method: POST
status: 200
response: "{\"url\":\"https:\\\/\\\/api.telegram.org\\\/bot6747104891:AAEkPktZMe1MYmaBAEaxcSyT1iJhKBoKTHA\\\/s ....
request_date: 2024-05-31 15:02:55
------------------------
request_url: https://api.telegram.org/bot6747104891:AAEkPktZMe1MYmaBAEaxcSyT1iJhKBoKTHA/sendMessage
request_method: POST
status: 200
response: "{\"url\":\"https:\\\/\\\/api.telegram.org\\\/bot6747104891:AAEkPktZMe1MYmaBAEaxcSyT1iJhKBoKTHA\\\/s ....
request_date: 2024-05-31 15:03:15
------------------------
request_url: https://api.telegram.org/bot6747104891:AAEkPktZMe1MYmaBAEaxcSyT1iJhKBoKTHA/sendMessage
request_method: POST
status: 200
response: "{\"url\":\"https:\\\/\\\/api.telegram.org\\\/bot6747104891:AAEkPktZMe1MYmaBAEaxcSyT1iJhKBoKTHA\\\/s ....
request_date: 2024-05-31 15:03:55
------------------------
request_url: https://api.telegram.org/bot6747104891:AAEkPktZMe1MYmaBAEaxcSyT1iJhKBoKTHA/editMessageReplyMarkup
request_method: POST
status: 200
response: "{\"url\":\"https:\\\/\\\/api.telegram.org\\\/bot6747104891:AAEkPktZMe1MYmaBAEaxcSyT1iJhKBoKTHA\\\/e ....
request_date: 2024-05-31 15:03:58
------------------------
request_url: https://api.telegram.org/bot6747104891:AAEkPktZMe1MYmaBAEaxcSyT1iJhKBoKTHA/sendMessage
request_method: POST
status: 200
response: "{\"url\":\"https:\\\/\\\/api.telegram.org\\\/bot6747104891:AAEkPktZMe1MYmaBAEaxcSyT1iJhKBoKTHA\\\/s ....
request_date: 2024-05-31 15:04:35
------------------------
request_url: https://api.telegram.org/bot6747104891:AAEkPktZMe1MYmaBAEaxcSyT1iJhKBoKTHA/editMessageReplyMarkup
request_method: POST
status: 200
response: "{\"url\":\"https:\\\/\\\/api.telegram.org\\\/bot6747104891:AAEkPktZMe1MYmaBAEaxcSyT1iJhKBoKTHA\\\/e ....
request_date: 2024-05-31 15:04:37
------------------------
request_url: https://api.telegram.org/bot6747104891:AAEkPktZMe1MYmaBAEaxcSyT1iJhKBoKTHA/sendMessage
request_method: POST
status: 200
response: "{\"url\":\"https:\\\/\\\/api.telegram.org\\\/bot6747104891:AAEkPktZMe1MYmaBAEaxcSyT1iJhKBoKTHA\\\/s ....
request_date: 2024-05-31 15:04:45
------------------------
request_url: https://api.telegram.org/bot6747104891:AAEkPktZMe1MYmaBAEaxcSyT1iJhKBoKTHA/editMessageReplyMarkup
request_method: POST
status: 200
response: "{\"url\":\"https:\\\/\\\/api.telegram.org\\\/bot6747104891:AAEkPktZMe1MYmaBAEaxcSyT1iJhKBoKTHA\\\/e ....
request_date: 2024-05-31 15:04:47
------------------------
request_url: https://api.telegram.org/bot6747104891:AAEkPktZMe1MYmaBAEaxcSyT1iJhKBoKTHA/sendMessage
request_method: POST
status: 200
response: "{\"url\":\"https:\\\/\\\/api.telegram.org\\\/bot6747104891:AAEkPktZMe1MYmaBAEaxcSyT1iJhKBoKTHA\\\/s ....
request_date: 2024-05-31 15:30:40
------------------------
request_url: https://api.telegram.org/bot6747104891:AAEkPktZMe1MYmaBAEaxcSyT1iJhKBoKTHA/sendMessage
request_method: POST
status: 200
response: "{\"url\":\"https:\\\/\\\/api.telegram.org\\\/bot6747104891:AAEkPktZMe1MYmaBAEaxcSyT1iJhKBoKTHA\\\/s ....
request_date: 2024-05-31 15:30:41
------------------------
request_url: https://api.telegram.org/bot6747104891:AAEkPktZMe1MYmaBAEaxcSyT1iJhKBoKTHA/editMessageReplyMarkup
request_method: POST
status: 200
response: "{\"url\":\"https:\\\/\\\/api.telegram.org\\\/bot6747104891:AAEkPktZMe1MYmaBAEaxcSyT1iJhKBoKTHA\\\/e ....
request_date: 2024-05-31 15:30:44
------------------------
request_url: https://api.telegram.org/bot6747104891:AAEkPktZMe1MYmaBAEaxcSyT1iJhKBoKTHA/editMessageReplyMarkup
request_method: POST
status: 400
response: "{\"url\":\"https:\\\/\\\/api.telegram.org\\\/bot6747104891:AAEkPktZMe1MYmaBAEaxcSyT1iJhKBoKTHA\\\/e ....
request_date: 2024-05-31 15:30:47
------------------------
request_url: https://api.telegram.org/bot6747104891:AAEkPktZMe1MYmaBAEaxcSyT1iJhKBoKTHA/editMessageReplyMarkup
request_method: POST
status: 400
response: "{\"url\":\"https:\\\/\\\/api.telegram.org\\\/bot6747104891:AAEkPktZMe1MYmaBAEaxcSyT1iJhKBoKTHA\\\/e ....
request_date: 2024-05-31 15:31:10
------------------------
request_url: https://api.telegram.org/bot6747104891:AAEkPktZMe1MYmaBAEaxcSyT1iJhKBoKTHA/editMessageReplyMarkup
request_method: POST
status: 200
response: "{\"url\":\"https:\\\/\\\/api.telegram.org\\\/bot6747104891:AAEkPktZMe1MYmaBAEaxcSyT1iJhKBoKTHA\\\/e ....
request_date: 2024-05-31 15:31:58
------------------------
request_url: https://api.telegram.org/bot6747104891:AAEkPktZMe1MYmaBAEaxcSyT1iJhKBoKTHA/sendMessage
request_method: POST
status: 200
response: "{\"url\":\"https:\\\/\\\/api.telegram.org\\\/bot6747104891:AAEkPktZMe1MYmaBAEaxcSyT1iJhKBoKTHA\\\/s ....
request_date: 2024-05-31 15:35:04
------------------------
request_url: https://api.telegram.org/bot6747104891:AAEkPktZMe1MYmaBAEaxcSyT1iJhKBoKTHA/editMessageReplyMarkup
request_method: POST
status: 200
response: "{\"url\":\"https:\\\/\\\/api.telegram.org\\\/bot6747104891:AAEkPktZMe1MYmaBAEaxcSyT1iJhKBoKTHA\\\/e ....
request_date: 2024-05-31 15:35:07
------------------------
request_url: https://api.telegram.org/bot6747104891:AAEkPktZMe1MYmaBAEaxcSyT1iJhKBoKTHA/editMessageReplyMarkup
request_method: POST
status: 200
response: "{\"url\":\"https:\\\/\\\/api.telegram.org\\\/bot6747104891:AAEkPktZMe1MYmaBAEaxcSyT1iJhKBoKTHA\\\/e ....
request_date: 2024-05-31 15:35:09
------------------------
request_url: https://api.telegram.org/bot6747104891:AAEkPktZMe1MYmaBAEaxcSyT1iJhKBoKTHA/sendMessage
request_method: POST
status: 200
response: "{\"url\":\"https:\\\/\\\/api.telegram.org\\\/bot6747104891:AAEkPktZMe1MYmaBAEaxcSyT1iJhKBoKTHA\\\/s ....
request_date: 2024-05-31 15:35:12
------------------------
request_url: https://api.telegram.org/bot6747104891:AAEkPktZMe1MYmaBAEaxcSyT1iJhKBoKTHA/sendMessage
request_method: POST
status: 200
response: "{\"url\":\"https:\\\/\\\/api.telegram.org\\\/bot6747104891:AAEkPktZMe1MYmaBAEaxcSyT1iJhKBoKTHA\\\/s ....
request_date: 2024-05-31 15:35:42
------------------------
request_url: https://api.telegram.org/bot6747104891:AAEkPktZMe1MYmaBAEaxcSyT1iJhKBoKTHA/sendMessage
request_method: POST
status: 200
response: "{\"url\":\"https:\\\/\\\/api.telegram.org\\\/bot6747104891:AAEkPktZMe1MYmaBAEaxcSyT1iJhKBoKTHA\\\/s ....
request_date: 2024-05-31 15:35:47
------------------------
request_url: https://api.telegram.org/bot6747104891:AAEkPktZMe1MYmaBAEaxcSyT1iJhKBoKTHA/sendMessage
request_method: POST
status: 200
response: "{\"url\":\"https:\\\/\\\/api.telegram.org\\\/bot6747104891:AAEkPktZMe1MYmaBAEaxcSyT1iJhKBoKTHA\\\/s ....
request_date: 2024-05-31 15:35:58
------------------------
request_url: https://api.telegram.org/bot6747104891:AAEkPktZMe1MYmaBAEaxcSyT1iJhKBoKTHA/editMessageReplyMarkup
request_method: POST
status: 200
response: "{\"url\":\"https:\\\/\\\/api.telegram.org\\\/bot6747104891:AAEkPktZMe1MYmaBAEaxcSyT1iJhKBoKTHA\\\/e ....
request_date: 2024-05-31 15:36:00
------------------------
request_url: https://api.telegram.org/bot6747104891:AAEkPktZMe1MYmaBAEaxcSyT1iJhKBoKTHA/editMessageReplyMarkup
request_method: POST
status: 200
response: "{\"url\":\"https:\\\/\\\/api.telegram.org\\\/bot6747104891:AAEkPktZMe1MYmaBAEaxcSyT1iJhKBoKTHA\\\/e ....
request_date: 2024-05-31 15:36:03
------------------------
request_url: https://api.telegram.org/bot6747104891:AAEkPktZMe1MYmaBAEaxcSyT1iJhKBoKTHA/sendMessage
request_method: POST
status: 200
response: "{\"url\":\"https:\\\/\\\/api.telegram.org\\\/bot6747104891:AAEkPktZMe1MYmaBAEaxcSyT1iJhKBoKTHA\\\/s ....
request_date: 2024-05-31 15:36:05
------------------------
request_url: https://api.telegram.org/bot6747104891:AAEkPktZMe1MYmaBAEaxcSyT1iJhKBoKTHA/sendMessage
request_method: POST
status: 200
response: "{\"url\":\"https:\\\/\\\/api.telegram.org\\\/bot6747104891:AAEkPktZMe1MYmaBAEaxcSyT1iJhKBoKTHA\\\/s ....
request_date: 2024-05-31 15:37:14
------------------------
request_url: https://api.telegram.org/bot6747104891:AAEkPktZMe1MYmaBAEaxcSyT1iJhKBoKTHA/editMessageReplyMarkup
request_method: POST
status: 200
response: "{\"url\":\"https:\\\/\\\/api.telegram.org\\\/bot6747104891:AAEkPktZMe1MYmaBAEaxcSyT1iJhKBoKTHA\\\/e ....
request_date: 2024-05-31 15:37:17
------------------------
request_url: https://api.telegram.org/bot6747104891:AAEkPktZMe1MYmaBAEaxcSyT1iJhKBoKTHA/editMessageReplyMarkup
request_method: POST
status: 200
response: "{\"url\":\"https:\\\/\\\/api.telegram.org\\\/bot6747104891:AAEkPktZMe1MYmaBAEaxcSyT1iJhKBoKTHA\\\/e ....
request_date: 2024-05-31 15:37:19
------------------------
request_url: https://api.telegram.org/bot6747104891:AAEkPktZMe1MYmaBAEaxcSyT1iJhKBoKTHA/deleteMessage
request_method: POST
status: 200
response: "{\"url\":\"https:\\\/\\\/api.telegram.org\\\/bot6747104891:AAEkPktZMe1MYmaBAEaxcSyT1iJhKBoKTHA\\\/d ....
request_date: 2024-05-31 15:37:37
------------------------
request_url: https://api.telegram.org/bot6747104891:AAEkPktZMe1MYmaBAEaxcSyT1iJhKBoKTHA/sendMessage
request_method: POST
status: 200
response: "{\"url\":\"https:\\\/\\\/api.telegram.org\\\/bot6747104891:AAEkPktZMe1MYmaBAEaxcSyT1iJhKBoKTHA\\\/s ....
request_date: 2024-05-31 15:37:38
------------------------
request_url: https://api.telegram.org/bot6747104891:AAEkPktZMe1MYmaBAEaxcSyT1iJhKBoKTHA/sendMessage
request_method: POST
status: 200
response: "{\"url\":\"https:\\\/\\\/api.telegram.org\\\/bot6747104891:AAEkPktZMe1MYmaBAEaxcSyT1iJhKBoKTHA\\\/s ....
request_date: 2024-05-31 15:39:31
------------------------
request_url: https://api.telegram.org/bot6747104891:AAEkPktZMe1MYmaBAEaxcSyT1iJhKBoKTHA/editMessageReplyMarkup
request_method: POST
status: 200
response: "{\"url\":\"https:\\\/\\\/api.telegram.org\\\/bot6747104891:AAEkPktZMe1MYmaBAEaxcSyT1iJhKBoKTHA\\\/e ....
request_date: 2024-05-31 15:40:12
------------------------
request_url: https://api.telegram.org/bot6747104891:AAEkPktZMe1MYmaBAEaxcSyT1iJhKBoKTHA/editMessageReplyMarkup
request_method: POST
status: 200
response: "{\"url\":\"https:\\\/\\\/api.telegram.org\\\/bot6747104891:AAEkPktZMe1MYmaBAEaxcSyT1iJhKBoKTHA\\\/e ....
request_date: 2024-05-31 15:40:14
------------------------
request_url: https://api.telegram.org/bot6747104891:AAEkPktZMe1MYmaBAEaxcSyT1iJhKBoKTHA/deleteMessage
request_method: POST
status: 200
response: "{\"url\":\"https:\\\/\\\/api.telegram.org\\\/bot6747104891:AAEkPktZMe1MYmaBAEaxcSyT1iJhKBoKTHA\\\/d ....
request_date: 2024-05-31 15:40:17
------------------------
request_url: https://api.telegram.org/bot6747104891:AAEkPktZMe1MYmaBAEaxcSyT1iJhKBoKTHA/sendMessage
request_method: POST
status: 400
response: "{\"url\":\"https:\\\/\\\/api.telegram.org\\\/bot6747104891:AAEkPktZMe1MYmaBAEaxcSyT1iJhKBoKTHA\\\/s ....
request_date: 2024-05-31 15:40:18
------------------------
request_url: https://api.telegram.org/bot6747104891:AAEkPktZMe1MYmaBAEaxcSyT1iJhKBoKTHA/sendMessage
request_method: POST
status: 200
response: "{\"url\":\"https:\\\/\\\/api.telegram.org\\\/bot6747104891:AAEkPktZMe1MYmaBAEaxcSyT1iJhKBoKTHA\\\/s ....
request_date: 2024-05-31 15:40:38
------------------------
request_url: https://api.telegram.org/bot6747104891:AAEkPktZMe1MYmaBAEaxcSyT1iJhKBoKTHA/editMessageReplyMarkup
request_method: POST
status: 200
response: "{\"url\":\"https:\\\/\\\/api.telegram.org\\\/bot6747104891:AAEkPktZMe1MYmaBAEaxcSyT1iJhKBoKTHA\\\/e ....
request_date: 2024-05-31 15:40:56
------------------------
request_url: https://api.telegram.org/bot6747104891:AAEkPktZMe1MYmaBAEaxcSyT1iJhKBoKTHA/sendMessage
request_method: POST
status: 200
response: "{\"url\":\"https:\\\/\\\/api.telegram.org\\\/bot6747104891:AAEkPktZMe1MYmaBAEaxcSyT1iJhKBoKTHA\\\/s ....
request_date: 2024-05-31 15:41:07
------------------------
request_url: https://api.telegram.org/bot6747104891:AAEkPktZMe1MYmaBAEaxcSyT1iJhKBoKTHA/editMessageReplyMarkup
request_method: POST
status: 200
response: "{\"url\":\"https:\\\/\\\/api.telegram.org\\\/bot6747104891:AAEkPktZMe1MYmaBAEaxcSyT1iJhKBoKTHA\\\/e ....
request_date: 2024-05-31 15:41:09
------------------------
request_url: https://api.telegram.org/bot6747104891:AAEkPktZMe1MYmaBAEaxcSyT1iJhKBoKTHA/editMessageReplyMarkup
request_method: POST
status: 200
response: "{\"url\":\"https:\\\/\\\/api.telegram.org\\\/bot6747104891:AAEkPktZMe1MYmaBAEaxcSyT1iJhKBoKTHA\\\/e ....
request_date: 2024-05-31 15:41:12
------------------------
request_url: https://api.telegram.org/bot6747104891:AAEkPktZMe1MYmaBAEaxcSyT1iJhKBoKTHA/deleteMessage
request_method: POST
status: 200
response: "{\"url\":\"https:\\\/\\\/api.telegram.org\\\/bot6747104891:AAEkPktZMe1MYmaBAEaxcSyT1iJhKBoKTHA\\\/d ....
request_date: 2024-05-31 15:41:14
------------------------
request_url: https://api.telegram.org/bot6747104891:AAEkPktZMe1MYmaBAEaxcSyT1iJhKBoKTHA/sendMessage
request_method: POST
status: 400
response: "{\"url\":\"https:\\\/\\\/api.telegram.org\\\/bot6747104891:AAEkPktZMe1MYmaBAEaxcSyT1iJhKBoKTHA\\\/s ....
request_date: 2024-05-31 15:41:16
------------------------
request_url: https://api.telegram.org/bot6747104891:AAEkPktZMe1MYmaBAEaxcSyT1iJhKBoKTHA/sendMessage
request_method: POST
status: 200
response: "{\"url\":\"https:\\\/\\\/api.telegram.org\\\/bot6747104891:AAEkPktZMe1MYmaBAEaxcSyT1iJhKBoKTHA\\\/s ....
request_date: 2024-05-31 15:42:30
------------------------
request_url: https://api.telegram.org/bot6747104891:AAEkPktZMe1MYmaBAEaxcSyT1iJhKBoKTHA/editMessageReplyMarkup
request_method: POST
status: 200
response: "{\"url\":\"https:\\\/\\\/api.telegram.org\\\/bot6747104891:AAEkPktZMe1MYmaBAEaxcSyT1iJhKBoKTHA\\\/e ....
request_date: 2024-05-31 15:42:34
------------------------
request_url: https://api.telegram.org/bot6747104891:AAEkPktZMe1MYmaBAEaxcSyT1iJhKBoKTHA/editMessageReplyMarkup
request_method: POST
status: 200
response: "{\"url\":\"https:\\\/\\\/api.telegram.org\\\/bot6747104891:AAEkPktZMe1MYmaBAEaxcSyT1iJhKBoKTHA\\\/e ....
request_date: 2024-05-31 15:42:39
------------------------
request_url: https://api.telegram.org/bot6747104891:AAEkPktZMe1MYmaBAEaxcSyT1iJhKBoKTHA/deleteMessage
request_method: POST
status: 200
response: "{\"url\":\"https:\\\/\\\/api.telegram.org\\\/bot6747104891:AAEkPktZMe1MYmaBAEaxcSyT1iJhKBoKTHA\\\/d ....
request_date: 2024-05-31 15:43:15
------------------------
request_url: https://api.telegram.org/bot6747104891:AAEkPktZMe1MYmaBAEaxcSyT1iJhKBoKTHA/sendMessage
request_method: POST
status: 200
response: "{\"url\":\"https:\\\/\\\/api.telegram.org\\\/bot6747104891:AAEkPktZMe1MYmaBAEaxcSyT1iJhKBoKTHA\\\/s ....
request_date: 2024-05-31 15:43:16
------------------------
request_url: https://api.telegram.org/bot6747104891:AAEkPktZMe1MYmaBAEaxcSyT1iJhKBoKTHA/sendMessage
request_method: POST
status: 200
response: "{\"url\":\"https:\\\/\\\/api.telegram.org\\\/bot6747104891:AAEkPktZMe1MYmaBAEaxcSyT1iJhKBoKTHA\\\/s ....
request_date: 2024-05-31 15:43:20
------------------------
request_url: https://api.telegram.org/bot6747104891:AAEkPktZMe1MYmaBAEaxcSyT1iJhKBoKTHA/editMessageReplyMarkup
request_method: POST
status: 200
response: "{\"url\":\"https:\\\/\\\/api.telegram.org\\\/bot6747104891:AAEkPktZMe1MYmaBAEaxcSyT1iJhKBoKTHA\\\/e ....
request_date: 2024-05-31 15:43:23
------------------------
request_url: https://api.telegram.org/bot6747104891:AAEkPktZMe1MYmaBAEaxcSyT1iJhKBoKTHA/sendMessage
request_method: POST
status: 200
response: "{\"url\":\"https:\\\/\\\/api.telegram.org\\\/bot6747104891:AAEkPktZMe1MYmaBAEaxcSyT1iJhKBoKTHA\\\/s ....
request_date: 2024-05-31 15:43:26
------------------------
request_url: https://api.telegram.org/bot6747104891:AAEkPktZMe1MYmaBAEaxcSyT1iJhKBoKTHA/editMessageReplyMarkup
request_method: POST
status: 200
response: "{\"url\":\"https:\\\/\\\/api.telegram.org\\\/bot6747104891:AAEkPktZMe1MYmaBAEaxcSyT1iJhKBoKTHA\\\/e ....
request_date: 2024-05-31 15:43:32
------------------------
request_url: https://api.telegram.org/bot6747104891:AAEkPktZMe1MYmaBAEaxcSyT1iJhKBoKTHA/sendMessage
request_method: POST
status: 200
response: "{\"url\":\"https:\\\/\\\/api.telegram.org\\\/bot6747104891:AAEkPktZMe1MYmaBAEaxcSyT1iJhKBoKTHA\\\/s ....
request_date: 2024-05-31 15:45:19
------------------------
request_url: https://api.telegram.org/bot6747104891:AAEkPktZMe1MYmaBAEaxcSyT1iJhKBoKTHA/answerCallbackQuery
request_method: POST
status: 200
response: "{\"url\":\"https:\\\/\\\/api.telegram.org\\\/bot6747104891:AAEkPktZMe1MYmaBAEaxcSyT1iJhKBoKTHA\\\/a ....
request_date: 2024-05-31 15:45:21
------------------------
request_url: https://api.telegram.org/bot6747104891:AAEkPktZMe1MYmaBAEaxcSyT1iJhKBoKTHA/answerCallbackQuery
request_method: POST
status: 200
response: "{\"url\":\"https:\\\/\\\/api.telegram.org\\\/bot6747104891:AAEkPktZMe1MYmaBAEaxcSyT1iJhKBoKTHA\\\/a ....
request_date: 2024-05-31 15:46:50
------------------------
request_url: https://api.telegram.org/bot6747104891:AAEkPktZMe1MYmaBAEaxcSyT1iJhKBoKTHA/sendMessage
request_method: POST
status: 200
response: "{\"url\":\"https:\\\/\\\/api.telegram.org\\\/bot6747104891:AAEkPktZMe1MYmaBAEaxcSyT1iJhKBoKTHA\\\/s ....
request_date: 2024-05-31 15:47:13
------------------------
request_url: https://api.telegram.org/bot6747104891:AAEkPktZMe1MYmaBAEaxcSyT1iJhKBoKTHA/answerCallbackQuery
request_method: POST
status: 200
response: "{\"url\":\"https:\\\/\\\/api.telegram.org\\\/bot6747104891:AAEkPktZMe1MYmaBAEaxcSyT1iJhKBoKTHA\\\/a ....
request_date: 2024-05-31 15:47:15
------------------------
request_url: https://api.telegram.org/bot6747104891:AAEkPktZMe1MYmaBAEaxcSyT1iJhKBoKTHA/answerCallbackQuery
request_method: POST
status: 200
response: "{\"url\":\"https:\\\/\\\/api.telegram.org\\\/bot6747104891:AAEkPktZMe1MYmaBAEaxcSyT1iJhKBoKTHA\\\/a ....
request_date: 2024-05-31 15:48:03
------------------------
request_url: https://api.telegram.org/bot6747104891:AAEkPktZMe1MYmaBAEaxcSyT1iJhKBoKTHA/sendMessage
request_method: POST
status: 200
response: "{\"url\":\"https:\\\/\\\/api.telegram.org\\\/bot6747104891:AAEkPktZMe1MYmaBAEaxcSyT1iJhKBoKTHA\\\/s ....
request_date: 2024-05-31 15:49:23
------------------------
request_url: https://api.telegram.org/bot6747104891:AAEkPktZMe1MYmaBAEaxcSyT1iJhKBoKTHA/answerCallbackQuery
request_method: POST
status: 200
response: "{\"url\":\"https:\\\/\\\/api.telegram.org\\\/bot6747104891:AAEkPktZMe1MYmaBAEaxcSyT1iJhKBoKTHA\\\/a ....
request_date: 2024-05-31 15:49:33
------------------------
request_url: https://api.telegram.org/bot6747104891:AAEkPktZMe1MYmaBAEaxcSyT1iJhKBoKTHA/sendMessage
request_method: POST
status: 200
response: "{\"url\":\"https:\\\/\\\/api.telegram.org\\\/bot6747104891:AAEkPktZMe1MYmaBAEaxcSyT1iJhKBoKTHA\\\/s ....
request_date: 2024-05-31 15:49:35
------------------------
request_url: https://api.telegram.org/bot6747104891:AAEkPktZMe1MYmaBAEaxcSyT1iJhKBoKTHA/sendMessage
request_method: POST
status: 200
response: "{\"url\":\"https:\\\/\\\/api.telegram.org\\\/bot6747104891:AAEkPktZMe1MYmaBAEaxcSyT1iJhKBoKTHA\\\/s ....
request_date: 2024-05-31 15:49:48
------------------------
request_url: https://api.telegram.org/bot6747104891:AAEkPktZMe1MYmaBAEaxcSyT1iJhKBoKTHA/sendMessage
request_method: POST
status: 200
response: "{\"url\":\"https:\\\/\\\/api.telegram.org\\\/bot6747104891:AAEkPktZMe1MYmaBAEaxcSyT1iJhKBoKTHA\\\/s ....
request_date: 2024-05-31 15:50:04
------------------------
request_url: https://api.telegram.org/bot6747104891:AAEkPktZMe1MYmaBAEaxcSyT1iJhKBoKTHA/sendMessage
request_method: POST
status: 200
response: "{\"url\":\"https:\\\/\\\/api.telegram.org\\\/bot6747104891:AAEkPktZMe1MYmaBAEaxcSyT1iJhKBoKTHA\\\/s ....
request_date: 2024-05-31 15:50:05
------------------------
request_url: https://api.telegram.org/bot6747104891:AAEkPktZMe1MYmaBAEaxcSyT1iJhKBoKTHA/sendMessage
request_method: POST
status: 200
response: "{\"url\":\"https:\\\/\\\/api.telegram.org\\\/bot6747104891:AAEkPktZMe1MYmaBAEaxcSyT1iJhKBoKTHA\\\/s ....
request_date: 2024-05-31 15:50:06
------------------------
request_url: https://api.telegram.org/bot6747104891:AAEkPktZMe1MYmaBAEaxcSyT1iJhKBoKTHA/sendMessage
request_method: POST
status: 200
response: "{\"url\":\"https:\\\/\\\/api.telegram.org\\\/bot6747104891:AAEkPktZMe1MYmaBAEaxcSyT1iJhKBoKTHA\\\/s ....
request_date: 2024-05-31 15:50:28
------------------------
request_url: https://api.telegram.org/bot6747104891:AAEkPktZMe1MYmaBAEaxcSyT1iJhKBoKTHA/sendMessage
request_method: POST
status: 200
response: "{\"url\":\"https:\\\/\\\/api.telegram.org\\\/bot6747104891:AAEkPktZMe1MYmaBAEaxcSyT1iJhKBoKTHA\\\/s ....
request_date: 2024-05-31 15:50:30
------------------------
request_url: https://api.telegram.org/bot6747104891:AAEkPktZMe1MYmaBAEaxcSyT1iJhKBoKTHA/sendMessage
request_method: POST
status: 200
response: "{\"url\":\"https:\\\/\\\/api.telegram.org\\\/bot6747104891:AAEkPktZMe1MYmaBAEaxcSyT1iJhKBoKTHA\\\/s ....
request_date: 2024-05-31 15:50:37
------------------------
request_url: https://api.telegram.org/bot6747104891:AAEkPktZMe1MYmaBAEaxcSyT1iJhKBoKTHA/sendAudio
request_method: POST
status: 200
response: "{\"url\":\"https:\\\/\\\/api.telegram.org\\\/bot6747104891:AAEkPktZMe1MYmaBAEaxcSyT1iJhKBoKTHA\\\/s ....
request_date: 2024-05-31 15:50:38
------------------------
request_url: https://api.telegram.org/bot6747104891:AAEkPktZMe1MYmaBAEaxcSyT1iJhKBoKTHA/sendAudio
request_method: POST
status: 200
response: "{\"url\":\"https:\\\/\\\/api.telegram.org\\\/bot6747104891:AAEkPktZMe1MYmaBAEaxcSyT1iJhKBoKTHA\\\/s ....
request_date: 2024-05-31 15:50:55
------------------------
request_url: https://api.telegram.org/bot6747104891:AAEkPktZMe1MYmaBAEaxcSyT1iJhKBoKTHA/sendAudio
request_method: POST
status: 200
response: "{\"url\":\"https:\\\/\\\/api.telegram.org\\\/bot6747104891:AAEkPktZMe1MYmaBAEaxcSyT1iJhKBoKTHA\\\/s ....
request_date: 2024-05-31 15:50:56
------------------------
request_url: https://api.telegram.org/bot6747104891:AAEkPktZMe1MYmaBAEaxcSyT1iJhKBoKTHA/sendVideo
request_method: POST
status: 200
response: "{\"url\":\"https:\\\/\\\/api.telegram.org\\\/bot6747104891:AAEkPktZMe1MYmaBAEaxcSyT1iJhKBoKTHA\\\/s ....
request_date: 2024-05-31 15:50:57
------------------------
request_url: https://api.telegram.org/bot6747104891:AAEkPktZMe1MYmaBAEaxcSyT1iJhKBoKTHA/sendMessage
request_method: POST
status: 200
response: "{\"url\":\"https:\\\/\\\/api.telegram.org\\\/bot6747104891:AAEkPktZMe1MYmaBAEaxcSyT1iJhKBoKTHA\\\/s ....
request_date: 2024-05-31 15:51:08
------------------------
request_url: https://api.telegram.org/bot6747104891:AAEkPktZMe1MYmaBAEaxcSyT1iJhKBoKTHA/editMessageReplyMarkup
request_method: POST
status: 200
response: "{\"url\":\"https:\\\/\\\/api.telegram.org\\\/bot6747104891:AAEkPktZMe1MYmaBAEaxcSyT1iJhKBoKTHA\\\/e ....
request_date: 2024-05-31 15:51:20
------------------------
request_url: https://api.telegram.org/bot6747104891:AAEkPktZMe1MYmaBAEaxcSyT1iJhKBoKTHA/editMessageReplyMarkup
request_method: POST
status: 200
response: "{\"url\":\"https:\\\/\\\/api.telegram.org\\\/bot6747104891:AAEkPktZMe1MYmaBAEaxcSyT1iJhKBoKTHA\\\/e ....
request_date: 2024-05-31 15:51:22
------------------------
request_url: https://api.telegram.org/bot6747104891:AAEkPktZMe1MYmaBAEaxcSyT1iJhKBoKTHA/deleteMessage
request_method: POST
status: 200
response: "{\"url\":\"https:\\\/\\\/api.telegram.org\\\/bot6747104891:AAEkPktZMe1MYmaBAEaxcSyT1iJhKBoKTHA\\\/d ....
request_date: 2024-05-31 15:51:41
------------------------
request_url: https://api.telegram.org/bot6747104891:AAEkPktZMe1MYmaBAEaxcSyT1iJhKBoKTHA/sendMessage
request_method: POST
status: 200
response: "{\"url\":\"https:\\\/\\\/api.telegram.org\\\/bot6747104891:AAEkPktZMe1MYmaBAEaxcSyT1iJhKBoKTHA\\\/s ....
request_date: 2024-05-31 15:51:42
------------------------
request_url: https://api.telegram.org/bot6747104891:AAEkPktZMe1MYmaBAEaxcSyT1iJhKBoKTHA/sendMessage
request_method: POST
status: 200
response: "{\"url\":\"https:\\\/\\\/api.telegram.org\\\/bot6747104891:AAEkPktZMe1MYmaBAEaxcSyT1iJhKBoKTHA\\\/s ....
request_date: 2024-05-31 15:51:50
------------------------
request_url: https://api.telegram.org/bot6747104891:AAEkPktZMe1MYmaBAEaxcSyT1iJhKBoKTHA/answerCallbackQuery
request_method: POST
status: 400
response: "{\"url\":\"https:\\\/\\\/api.telegram.org\\\/bot6747104891:AAEkPktZMe1MYmaBAEaxcSyT1iJhKBoKTHA\\\/a ....
request_date: 2024-05-31 15:52:08
------------------------
request_url: https://api.telegram.org/bot6747104891:AAEkPktZMe1MYmaBAEaxcSyT1iJhKBoKTHA/editMessageReplyMarkup
request_method: POST
status: 200
response: "{\"url\":\"https:\\\/\\\/api.telegram.org\\\/bot6747104891:AAEkPktZMe1MYmaBAEaxcSyT1iJhKBoKTHA\\\/e ....
request_date: 2024-05-31 15:59:53
------------------------
request_url: https://api.telegram.org/bot6747104891:AAEkPktZMe1MYmaBAEaxcSyT1iJhKBoKTHA/editMessageText
request_method: POST
status: 200
response: "{\"url\":\"https:\\\/\\\/api.telegram.org\\\/bot6747104891:AAEkPktZMe1MYmaBAEaxcSyT1iJhKBoKTHA\\\/e ....
request_date: 2024-05-31 16:06:28
------------------------
request_url: https://api.telegram.org/bot6747104891:AAEkPktZMe1MYmaBAEaxcSyT1iJhKBoKTHA/sendMessage
request_method: POST
status: 200
response: "{\"url\":\"https:\\\/\\\/api.telegram.org\\\/bot6747104891:AAEkPktZMe1MYmaBAEaxcSyT1iJhKBoKTHA\\\/s ....
request_date: 2024-05-31 16:06:56
------------------------
request_url: https://api.telegram.org/bot6747104891:AAEkPktZMe1MYmaBAEaxcSyT1iJhKBoKTHA/editMessageReplyMarkup
request_method: POST
status: 200
response: "{\"url\":\"https:\\\/\\\/api.telegram.org\\\/bot6747104891:AAEkPktZMe1MYmaBAEaxcSyT1iJhKBoKTHA\\\/e ....
request_date: 2024-05-31 16:06:59
------------------------
request_url: https://api.telegram.org/bot6747104891:AAEkPktZMe1MYmaBAEaxcSyT1iJhKBoKTHA/editMessageText
request_method: POST
status: 200
response: "{\"url\":\"https:\\\/\\\/api.telegram.org\\\/bot6747104891:AAEkPktZMe1MYmaBAEaxcSyT1iJhKBoKTHA\\\/e ....
request_date: 2024-05-31 16:07:01
------------------------
request_url: https://api.telegram.org/bot6747104891:AAEkPktZMe1MYmaBAEaxcSyT1iJhKBoKTHA/sendMessage
request_method: POST
status: 200
response: "{\"url\":\"https:\\\/\\\/api.telegram.org\\\/bot6747104891:AAEkPktZMe1MYmaBAEaxcSyT1iJhKBoKTHA\\\/s ....
request_date: 2024-05-31 16:07:19
------------------------
request_url: https://api.telegram.org/bot6747104891:AAEkPktZMe1MYmaBAEaxcSyT1iJhKBoKTHA/sendAudio
request_method: POST
status: 200
response: "{\"url\":\"https:\\\/\\\/api.telegram.org\\\/bot6747104891:AAEkPktZMe1MYmaBAEaxcSyT1iJhKBoKTHA\\\/s ....
request_date: 2024-05-31 16:07:20
------------------------
request_url: https://api.telegram.org/bot6747104891:AAEkPktZMe1MYmaBAEaxcSyT1iJhKBoKTHA/sendAudio
request_method: POST
status: 200
response: "{\"url\":\"https:\\\/\\\/api.telegram.org\\\/bot6747104891:AAEkPktZMe1MYmaBAEaxcSyT1iJhKBoKTHA\\\/s ....
request_date: 2024-05-31 16:07:21
------------------------
request_url: https://api.telegram.org/bot6747104891:AAEkPktZMe1MYmaBAEaxcSyT1iJhKBoKTHA/sendAudio
request_method: POST
status: 200
response: "{\"url\":\"https:\\\/\\\/api.telegram.org\\\/bot6747104891:AAEkPktZMe1MYmaBAEaxcSyT1iJhKBoKTHA\\\/s ....
request_date: 2024-05-31 16:07:22
------------------------
request_url: https://api.telegram.org/bot6747104891:AAEkPktZMe1MYmaBAEaxcSyT1iJhKBoKTHA/sendVideo
request_method: POST
status: 200
response: "{\"url\":\"https:\\\/\\\/api.telegram.org\\\/bot6747104891:AAEkPktZMe1MYmaBAEaxcSyT1iJhKBoKTHA\\\/s ....
request_date: 2024-05-31 16:07:23
------------------------
request_url: https://api.telegram.org/bot6747104891:AAEkPktZMe1MYmaBAEaxcSyT1iJhKBoKTHA/sendMessage
request_method: POST
status: 200
response: "{\"url\":\"https:\\\/\\\/api.telegram.org\\\/bot6747104891:AAEkPktZMe1MYmaBAEaxcSyT1iJhKBoKTHA\\\/s ....
request_date: 2024-05-31 16:09:22
------------------------
request_url: https://api.telegram.org/bot6747104891:AAEkPktZMe1MYmaBAEaxcSyT1iJhKBoKTHA/sendMessage
request_method: POST
status: 200
response: "{\"url\":\"https:\\\/\\\/api.telegram.org\\\/bot6747104891:AAEkPktZMe1MYmaBAEaxcSyT1iJhKBoKTHA\\\/s ....
request_date: 2024-05-31 16:09:23
------------------------
request_url: https://api.telegram.org/bot6747104891:AAEkPktZMe1MYmaBAEaxcSyT1iJhKBoKTHA/sendMessage
request_method: POST
status: 200
response: "{\"url\":\"https:\\\/\\\/api.telegram.org\\\/bot6747104891:AAEkPktZMe1MYmaBAEaxcSyT1iJhKBoKTHA\\\/s ....
request_date: 2024-05-31 16:09:29
------------------------
request_url: https://api.telegram.org/bot6747104891:AAEkPktZMe1MYmaBAEaxcSyT1iJhKBoKTHA/editMessageReplyMarkup
request_method: POST
status: 200
response: "{\"url\":\"https:\\\/\\\/api.telegram.org\\\/bot6747104891:AAEkPktZMe1MYmaBAEaxcSyT1iJhKBoKTHA\\\/e ....
request_date: 2024-05-31 16:09:31
------------------------
request_url: https://api.telegram.org/bot6747104891:AAEkPktZMe1MYmaBAEaxcSyT1iJhKBoKTHA/editMessageText
request_method: POST
status: 200
response: "{\"url\":\"https:\\\/\\\/api.telegram.org\\\/bot6747104891:AAEkPktZMe1MYmaBAEaxcSyT1iJhKBoKTHA\\\/e ....
request_date: 2024-05-31 16:09:34
------------------------
request_url: https://api.telegram.org/bot6747104891:AAEkPktZMe1MYmaBAEaxcSyT1iJhKBoKTHA/sendMessage
request_method: POST
status: 200
response: "{\"url\":\"https:\\\/\\\/api.telegram.org\\\/bot6747104891:AAEkPktZMe1MYmaBAEaxcSyT1iJhKBoKTHA\\\/s ....
request_date: 2024-05-31 16:09:38
------------------------
request_url: https://api.telegram.org/bot6747104891:AAEkPktZMe1MYmaBAEaxcSyT1iJhKBoKTHA/sendAudio
request_method: POST
status: 200
response: "{\"url\":\"https:\\\/\\\/api.telegram.org\\\/bot6747104891:AAEkPktZMe1MYmaBAEaxcSyT1iJhKBoKTHA\\\/s ....
request_date: 2024-05-31 16:09:39
------------------------
request_url: https://api.telegram.org/bot6747104891:AAEkPktZMe1MYmaBAEaxcSyT1iJhKBoKTHA/sendAudio
request_method: POST
status: 200
response: "{\"url\":\"https:\\\/\\\/api.telegram.org\\\/bot6747104891:AAEkPktZMe1MYmaBAEaxcSyT1iJhKBoKTHA\\\/s ....
request_date: 2024-05-31 16:09:40
------------------------
request_url: https://api.telegram.org/bot6747104891:AAEkPktZMe1MYmaBAEaxcSyT1iJhKBoKTHA/sendAudio
request_method: POST
status: 200
response: "{\"url\":\"https:\\\/\\\/api.telegram.org\\\/bot6747104891:AAEkPktZMe1MYmaBAEaxcSyT1iJhKBoKTHA\\\/s ....
request_date: 2024-05-31 16:09:41
------------------------
request_url: https://api.telegram.org/bot6747104891:AAEkPktZMe1MYmaBAEaxcSyT1iJhKBoKTHA/sendVideo
request_method: POST
status: 200
response: "{\"url\":\"https:\\\/\\\/api.telegram.org\\\/bot6747104891:AAEkPktZMe1MYmaBAEaxcSyT1iJhKBoKTHA\\\/s ....
request_date: 2024-05-31 16:09:42
------------------------
request_url: https://api.telegram.org/bot6747104891:AAEkPktZMe1MYmaBAEaxcSyT1iJhKBoKTHA/sendMessage
request_method: POST
status: 200
response: "{\"url\":\"https:\\\/\\\/api.telegram.org\\\/bot6747104891:AAEkPktZMe1MYmaBAEaxcSyT1iJhKBoKTHA\\\/s ....
request_date: 2024-05-31 16:11:15
------------------------
request_url: https://api.telegram.org/bot6747104891:AAEkPktZMe1MYmaBAEaxcSyT1iJhKBoKTHA/sendAudio
request_method: POST
status: 200
response: "{\"url\":\"https:\\\/\\\/api.telegram.org\\\/bot6747104891:AAEkPktZMe1MYmaBAEaxcSyT1iJhKBoKTHA\\\/s ....
request_date: 2024-05-31 16:11:16
------------------------
request_url: https://api.telegram.org/bot6747104891:AAEkPktZMe1MYmaBAEaxcSyT1iJhKBoKTHA/sendAudio
request_method: POST
status: 200
response: "{\"url\":\"https:\\\/\\\/api.telegram.org\\\/bot6747104891:AAEkPktZMe1MYmaBAEaxcSyT1iJhKBoKTHA\\\/s ....
request_date: 2024-05-31 16:11:17
------------------------
request_url: https://api.telegram.org/bot6747104891:AAEkPktZMe1MYmaBAEaxcSyT1iJhKBoKTHA/sendAudio
request_method: POST
status: 200
response: "{\"url\":\"https:\\\/\\\/api.telegram.org\\\/bot6747104891:AAEkPktZMe1MYmaBAEaxcSyT1iJhKBoKTHA\\\/s ....
request_date: 2024-05-31 16:11:18
------------------------
request_url: https://api.telegram.org/bot6747104891:AAEkPktZMe1MYmaBAEaxcSyT1iJhKBoKTHA/sendVideo
request_method: POST
status: 200
response: "{\"url\":\"https:\\\/\\\/api.telegram.org\\\/bot6747104891:AAEkPktZMe1MYmaBAEaxcSyT1iJhKBoKTHA\\\/s ....
request_date: 2024-05-31 16:11:19
------------------------
request_url: https://api.telegram.org/bot6747104891:AAEkPktZMe1MYmaBAEaxcSyT1iJhKBoKTHA/getChatMember
request_method: POST
status: 200
response: "{\"url\":\"https:\\\/\\\/api.telegram.org\\\/bot6747104891:AAEkPktZMe1MYmaBAEaxcSyT1iJhKBoKTHA\\\/g ....
request_date: 2024-05-31 16:12:49
------------------------
request_url: https://api.telegram.org/bot6747104891:AAEkPktZMe1MYmaBAEaxcSyT1iJhKBoKTHA/getChatMember
request_method: POST
status: 200
response: "{\"url\":\"https:\\\/\\\/api.telegram.org\\\/bot6747104891:AAEkPktZMe1MYmaBAEaxcSyT1iJhKBoKTHA\\\/g ....
request_date: 2024-05-31 16:12:50
------------------------
request_url: https://api.telegram.org/bot6747104891:AAEkPktZMe1MYmaBAEaxcSyT1iJhKBoKTHA/sendMessage
request_method: POST
status: 200
response: "{\"url\":\"https:\\\/\\\/api.telegram.org\\\/bot6747104891:AAEkPktZMe1MYmaBAEaxcSyT1iJhKBoKTHA\\\/s ....
request_date: 2024-05-31 16:12:51
------------------------
request_url: https://api.telegram.org/bot6747104891:AAEkPktZMe1MYmaBAEaxcSyT1iJhKBoKTHA/getChatMember
request_method: POST
status: 200
response: "{\"url\":\"https:\\\/\\\/api.telegram.org\\\/bot6747104891:AAEkPktZMe1MYmaBAEaxcSyT1iJhKBoKTHA\\\/g ....
request_date: 2024-05-31 16:13:07
------------------------
request_url: https://api.telegram.org/bot6747104891:AAEkPktZMe1MYmaBAEaxcSyT1iJhKBoKTHA/getChatMember
request_method: POST
status: 200
response: "{\"url\":\"https:\\\/\\\/api.telegram.org\\\/bot6747104891:AAEkPktZMe1MYmaBAEaxcSyT1iJhKBoKTHA\\\/g ....
request_date: 2024-05-31 16:13:08
------------------------
request_url: https://api.telegram.org/bot6747104891:AAEkPktZMe1MYmaBAEaxcSyT1iJhKBoKTHA/sendMessage
request_method: POST
status: 200
response: "{\"url\":\"https:\\\/\\\/api.telegram.org\\\/bot6747104891:AAEkPktZMe1MYmaBAEaxcSyT1iJhKBoKTHA\\\/s ....
request_date: 2024-05-31 16:13:25
------------------------
request_url: https://api.telegram.org/bot6747104891:AAEkPktZMe1MYmaBAEaxcSyT1iJhKBoKTHA/getChatMember
request_method: POST
status: 200
response: "{\"url\":\"https:\\\/\\\/api.telegram.org\\\/bot6747104891:AAEkPktZMe1MYmaBAEaxcSyT1iJhKBoKTHA\\\/g ....
request_date: 2024-05-31 16:13:26
------------------------
request_url: https://api.telegram.org/bot6747104891:AAEkPktZMe1MYmaBAEaxcSyT1iJhKBoKTHA/getChatMember
request_method: POST
status: 200
response: "{\"url\":\"https:\\\/\\\/api.telegram.org\\\/bot6747104891:AAEkPktZMe1MYmaBAEaxcSyT1iJhKBoKTHA\\\/g ....
request_date: 2024-05-31 16:13:27
------------------------
request_url: https://api.telegram.org/bot6747104891:AAEkPktZMe1MYmaBAEaxcSyT1iJhKBoKTHA/sendMessage
request_method: POST
status: 200
response: "{\"url\":\"https:\\\/\\\/api.telegram.org\\\/bot6747104891:AAEkPktZMe1MYmaBAEaxcSyT1iJhKBoKTHA\\\/s ....
request_date: 2024-05-31 16:13:28
------------------------
request_url: https://api.telegram.org/bot6747104891:AAEkPktZMe1MYmaBAEaxcSyT1iJhKBoKTHA/getChatMember
request_method: POST
status: 200
response: "{\"url\":\"https:\\\/\\\/api.telegram.org\\\/bot6747104891:AAEkPktZMe1MYmaBAEaxcSyT1iJhKBoKTHA\\\/g ....
request_date: 2024-05-31 16:13:45
------------------------
request_url: https://api.telegram.org/bot6747104891:AAEkPktZMe1MYmaBAEaxcSyT1iJhKBoKTHA/getChatMember
request_method: POST
status: 200
response: "{\"url\":\"https:\\\/\\\/api.telegram.org\\\/bot6747104891:AAEkPktZMe1MYmaBAEaxcSyT1iJhKBoKTHA\\\/g ....
request_date: 2024-05-31 16:13:46
------------------------
request_url: https://api.telegram.org/bot6747104891:AAEkPktZMe1MYmaBAEaxcSyT1iJhKBoKTHA/sendMessage
request_method: POST
status: 200
response: "{\"url\":\"https:\\\/\\\/api.telegram.org\\\/bot6747104891:AAEkPktZMe1MYmaBAEaxcSyT1iJhKBoKTHA\\\/s ....
request_date: 2024-05-31 16:13:47
------------------------
request_url: https://api.telegram.org/bot6747104891:AAEkPktZMe1MYmaBAEaxcSyT1iJhKBoKTHA/sendAudio
request_method: POST
status: 200
response: "{\"url\":\"https:\\\/\\\/api.telegram.org\\\/bot6747104891:AAEkPktZMe1MYmaBAEaxcSyT1iJhKBoKTHA\\\/s ....
request_date: 2024-05-31 16:13:48
------------------------
request_url: https://api.telegram.org/bot6747104891:AAEkPktZMe1MYmaBAEaxcSyT1iJhKBoKTHA/sendAudio
request_method: POST
status: 200
response: "{\"url\":\"https:\\\/\\\/api.telegram.org\\\/bot6747104891:AAEkPktZMe1MYmaBAEaxcSyT1iJhKBoKTHA\\\/s ....
request_date: 2024-05-31 16:13:49
------------------------
request_url: https://api.telegram.org/bot6747104891:AAEkPktZMe1MYmaBAEaxcSyT1iJhKBoKTHA/sendAudio
request_method: POST
status: 200
response: "{\"url\":\"https:\\\/\\\/api.telegram.org\\\/bot6747104891:AAEkPktZMe1MYmaBAEaxcSyT1iJhKBoKTHA\\\/s ....
request_date: 2024-05-31 16:13:50
------------------------
request_url: https://api.telegram.org/bot6747104891:AAEkPktZMe1MYmaBAEaxcSyT1iJhKBoKTHA/sendVideo
request_method: POST
status: 200
response: "{\"url\":\"https:\\\/\\\/api.telegram.org\\\/bot6747104891:AAEkPktZMe1MYmaBAEaxcSyT1iJhKBoKTHA\\\/s ....
request_date: 2024-05-31 16:13:52
------------------------
request_url: https://api.telegram.org/bot6747104891:AAEkPktZMe1MYmaBAEaxcSyT1iJhKBoKTHA/getChatMember
request_method: POST
status: 200
response: "{\"url\":\"https:\\\/\\\/api.telegram.org\\\/bot6747104891:AAEkPktZMe1MYmaBAEaxcSyT1iJhKBoKTHA\\\/g ....
request_date: 2024-05-31 16:13:57
------------------------
request_url: https://api.telegram.org/bot6747104891:AAEkPktZMe1MYmaBAEaxcSyT1iJhKBoKTHA/getChatMember
request_method: POST
status: 200
response: "{\"url\":\"https:\\\/\\\/api.telegram.org\\\/bot6747104891:AAEkPktZMe1MYmaBAEaxcSyT1iJhKBoKTHA\\\/g ....
request_date: 2024-05-31 16:13:58
------------------------
request_url: https://api.telegram.org/bot6747104891:AAEkPktZMe1MYmaBAEaxcSyT1iJhKBoKTHA/sendMessage
request_method: POST
status: 200
response: "{\"url\":\"https:\\\/\\\/api.telegram.org\\\/bot6747104891:AAEkPktZMe1MYmaBAEaxcSyT1iJhKBoKTHA\\\/s ....
request_date: 2024-05-31 16:13:59
------------------------
request_url: https://api.telegram.org/bot6747104891:AAEkPktZMe1MYmaBAEaxcSyT1iJhKBoKTHA/getChatMember
request_method: POST
status: 200
response: "{\"url\":\"https:\\\/\\\/api.telegram.org\\\/bot6747104891:AAEkPktZMe1MYmaBAEaxcSyT1iJhKBoKTHA\\\/g ....
request_date: 2024-05-31 16:14:04
------------------------
request_url: https://api.telegram.org/bot6747104891:AAEkPktZMe1MYmaBAEaxcSyT1iJhKBoKTHA/getChatMember
request_method: POST
status: 200
response: "{\"url\":\"https:\\\/\\\/api.telegram.org\\\/bot6747104891:AAEkPktZMe1MYmaBAEaxcSyT1iJhKBoKTHA\\\/g ....
request_date: 2024-05-31 16:14:05
------------------------
request_url: https://api.telegram.org/bot6747104891:AAEkPktZMe1MYmaBAEaxcSyT1iJhKBoKTHA/answerCallbackQuery
request_method: POST
status: 200
response: "{\"url\":\"https:\\\/\\\/api.telegram.org\\\/bot6747104891:AAEkPktZMe1MYmaBAEaxcSyT1iJhKBoKTHA\\\/a ....
request_date: 2024-05-31 16:14:06
------------------------
request_url: https://api.telegram.org/bot6747104891:AAEkPktZMe1MYmaBAEaxcSyT1iJhKBoKTHA/getChatMember
request_method: POST
status: 200
response: "{\"url\":\"https:\\\/\\\/api.telegram.org\\\/bot6747104891:AAEkPktZMe1MYmaBAEaxcSyT1iJhKBoKTHA\\\/g ....
request_date: 2024-05-31 16:16:44
------------------------
request_url: https://api.telegram.org/bot6747104891:AAEkPktZMe1MYmaBAEaxcSyT1iJhKBoKTHA/getChatMember
request_method: POST
status: 200
response: "{\"url\":\"https:\\\/\\\/api.telegram.org\\\/bot6747104891:AAEkPktZMe1MYmaBAEaxcSyT1iJhKBoKTHA\\\/g ....
request_date: 2024-05-31 16:16:45
------------------------
request_url: https://api.telegram.org/bot6747104891:AAEkPktZMe1MYmaBAEaxcSyT1iJhKBoKTHA/sendMessage
request_method: POST
status: 200
response: "{\"url\":\"https:\\\/\\\/api.telegram.org\\\/bot6747104891:AAEkPktZMe1MYmaBAEaxcSyT1iJhKBoKTHA\\\/s ....
request_date: 2024-05-31 16:16:46
------------------------
request_url: https://api.telegram.org/bot6747104891:AAEkPktZMe1MYmaBAEaxcSyT1iJhKBoKTHA/sendAudio
request_method: POST
status: 200
response: "{\"url\":\"https:\\\/\\\/api.telegram.org\\\/bot6747104891:AAEkPktZMe1MYmaBAEaxcSyT1iJhKBoKTHA\\\/s ....
request_date: 2024-05-31 16:16:47
------------------------
request_url: https://api.telegram.org/bot6747104891:AAEkPktZMe1MYmaBAEaxcSyT1iJhKBoKTHA/sendAudio
request_method: POST
status: 200
response: "{\"url\":\"https:\\\/\\\/api.telegram.org\\\/bot6747104891:AAEkPktZMe1MYmaBAEaxcSyT1iJhKBoKTHA\\\/s ....
request_date: 2024-05-31 16:16:48
------------------------
request_url: https://api.telegram.org/bot6747104891:AAEkPktZMe1MYmaBAEaxcSyT1iJhKBoKTHA/sendAudio
request_method: POST
status: 200
response: "{\"url\":\"https:\\\/\\\/api.telegram.org\\\/bot6747104891:AAEkPktZMe1MYmaBAEaxcSyT1iJhKBoKTHA\\\/s ....
request_date: 2024-05-31 16:16:49
------------------------
request_url: https://api.telegram.org/bot6747104891:AAEkPktZMe1MYmaBAEaxcSyT1iJhKBoKTHA/sendVideo
request_method: POST
status: 200
response: "{\"url\":\"https:\\\/\\\/api.telegram.org\\\/bot6747104891:AAEkPktZMe1MYmaBAEaxcSyT1iJhKBoKTHA\\\/s ....
request_date: 2024-05-31 16:16:50
------------------------
