request_url: https://api.telegram.org/bot6747104891:AAEkPktZMe1MYmaBAEaxcSyT1iJhKBoKTHA/deleteMessage
request_method: POST
status: 200
response: "{\"url\":\"https:\\\/\\\/api.telegram.org\\\/bot6747104891:AAEkPktZMe1MYmaBAEaxcSyT1iJhKBoKTHA\\\/d ....
request_date: 2024-05-31 15:59:23
------------------------
request_url: https://api.telegram.org/bot6747104891:AAEkPktZMe1MYmaBAEaxcSyT1iJhKBoKTHA/deleteMessage
request_method: POST
status: 200
response: "{\"url\":\"https:\\\/\\\/api.telegram.org\\\/bot6747104891:AAEkPktZMe1MYmaBAEaxcSyT1iJhKBoKTHA\\\/d ....
request_date: 2024-05-31 15:59:25
------------------------
request_url: https://api.telegram.org/bot6747104891:AAEkPktZMe1MYmaBAEaxcSyT1iJhKBoKTHA/deleteMessage
request_method: POST
status: 200
response: "{\"url\":\"https:\\\/\\\/api.telegram.org\\\/bot6747104891:AAEkPktZMe1MYmaBAEaxcSyT1iJhKBoKTHA\\\/d ....
request_date: 2024-05-31 15:59:27
------------------------
request_url: https://api.telegram.org/bot6747104891:AAEkPktZMe1MYmaBAEaxcSyT1iJhKBoKTHA/deleteMessage
request_method: POST
status: 200
response: "{\"url\":\"https:\\\/\\\/api.telegram.org\\\/bot6747104891:AAEkPktZMe1MYmaBAEaxcSyT1iJhKBoKTHA\\\/d ....
request_date: 2024-05-31 15:59:29
------------------------
request_url: https://api.telegram.org/bot6747104891:AAEkPktZMe1MYmaBAEaxcSyT1iJhKBoKTHA/deleteMessage
request_method: POST
status: 200
response: "{\"url\":\"https:\\\/\\\/api.telegram.org\\\/bot6747104891:AAEkPktZMe1MYmaBAEaxcSyT1iJhKBoKTHA\\\/d ....
request_date: 2024-05-31 16:08:27
------------------------
request_url: https://api.telegram.org/bot6747104891:AAEkPktZMe1MYmaBAEaxcSyT1iJhKBoKTHA/deleteMessage
request_method: POST
status: 200
response: "{\"url\":\"https:\\\/\\\/api.telegram.org\\\/bot6747104891:AAEkPktZMe1MYmaBAEaxcSyT1iJhKBoKTHA\\\/d ....
request_date: 2024-05-31 16:08:29
------------------------
request_url: https://api.telegram.org/bot6747104891:AAEkPktZMe1MYmaBAEaxcSyT1iJhKBoKTHA/deleteMessage
request_method: POST
status: 200
response: "{\"url\":\"https:\\\/\\\/api.telegram.org\\\/bot6747104891:AAEkPktZMe1MYmaBAEaxcSyT1iJhKBoKTHA\\\/d ....
request_date: 2024-05-31 16:08:32
------------------------
request_url: https://api.telegram.org/bot6747104891:AAEkPktZMe1MYmaBAEaxcSyT1iJhKBoKTHA/deleteMessage
request_method: POST
status: 200
response: "{\"url\":\"https:\\\/\\\/api.telegram.org\\\/bot6747104891:AAEkPktZMe1MYmaBAEaxcSyT1iJhKBoKTHA\\\/d ....
request_date: 2024-05-31 16:08:34
------------------------
request_url: https://api.telegram.org/bot6747104891:AAEkPktZMe1MYmaBAEaxcSyT1iJhKBoKTHA/deleteMessage
request_method: POST
status: 200
response: "{\"url\":\"https:\\\/\\\/api.telegram.org\\\/bot6747104891:AAEkPktZMe1MYmaBAEaxcSyT1iJhKBoKTHA\\\/d ....
request_date: 2024-05-31 16:11:32
------------------------
request_url: https://api.telegram.org/bot6747104891:AAEkPktZMe1MYmaBAEaxcSyT1iJhKBoKTHA/deleteMessage
request_method: POST
status: 200
response: "{\"url\":\"https:\\\/\\\/api.telegram.org\\\/bot6747104891:AAEkPktZMe1MYmaBAEaxcSyT1iJhKBoKTHA\\\/d ....
request_date: 2024-05-31 16:11:34
------------------------
request_url: https://api.telegram.org/bot6747104891:AAEkPktZMe1MYmaBAEaxcSyT1iJhKBoKTHA/deleteMessage
request_method: POST
status: 200
response: "{\"url\":\"https:\\\/\\\/api.telegram.org\\\/bot6747104891:AAEkPktZMe1MYmaBAEaxcSyT1iJhKBoKTHA\\\/d ....
request_date: 2024-05-31 16:11:36
------------------------
request_url: https://api.telegram.org/bot6747104891:AAEkPktZMe1MYmaBAEaxcSyT1iJhKBoKTHA/deleteMessage
request_method: POST
status: 200
response: "{\"url\":\"https:\\\/\\\/api.telegram.org\\\/bot6747104891:AAEkPktZMe1MYmaBAEaxcSyT1iJhKBoKTHA\\\/d ....
request_date: 2024-05-31 16:11:38
------------------------
request_url: https://api.telegram.org/bot6747104891:AAEkPktZMe1MYmaBAEaxcSyT1iJhKBoKTHA/deleteMessage
request_method: POST
status: 200
response: "{\"url\":\"https:\\\/\\\/api.telegram.org\\\/bot6747104891:AAEkPktZMe1MYmaBAEaxcSyT1iJhKBoKTHA\\\/d ....
request_date: 2024-05-31 16:20:03
------------------------
request_url: https://api.telegram.org/bot6747104891:AAEkPktZMe1MYmaBAEaxcSyT1iJhKBoKTHA/deleteMessage
request_method: POST
status: 200
response: "{\"url\":\"https:\\\/\\\/api.telegram.org\\\/bot6747104891:AAEkPktZMe1MYmaBAEaxcSyT1iJhKBoKTHA\\\/d ....
request_date: 2024-05-31 16:20:05
------------------------
request_url: https://api.telegram.org/bot6747104891:AAEkPktZMe1MYmaBAEaxcSyT1iJhKBoKTHA/deleteMessage
request_method: POST
status: 200
response: "{\"url\":\"https:\\\/\\\/api.telegram.org\\\/bot6747104891:AAEkPktZMe1MYmaBAEaxcSyT1iJhKBoKTHA\\\/d ....
request_date: 2024-05-31 16:20:07
------------------------
request_url: https://api.telegram.org/bot6747104891:AAEkPktZMe1MYmaBAEaxcSyT1iJhKBoKTHA/deleteMessage
request_method: POST
status: 200
response: "{\"url\":\"https:\\\/\\\/api.telegram.org\\\/bot6747104891:AAEkPktZMe1MYmaBAEaxcSyT1iJhKBoKTHA\\\/d ....
request_date: 2024-05-31 16:20:09
------------------------
request_url: https://api.telegram.org/bot6747104891:AAEkPktZMe1MYmaBAEaxcSyT1iJhKBoKTHA/deleteMessage
request_method: POST
status: 200
response: "{\"url\":\"https:\\\/\\\/api.telegram.org\\\/bot6747104891:AAEkPktZMe1MYmaBAEaxcSyT1iJhKBoKTHA\\\/d ....
request_date: 2024-05-31 16:20:12
------------------------
